[2015-09-17 16:56:31,246] INFO     2[main] - com.corvustec.digitaf.files.webservice.ComprobantesElectronicosWs.verificarConectividad(ComprobantesElectronicosWs.java:92) - ProcessFileException com.corvustec.digitaf.files.commons.exception.CorvustecException: error WebServiceExceptionjavax.xml.ws.WebServiceException: Failed to access the WSDL at: https://cel.sri.gob.ec/comprobantes-electronicos-ws/RecepcionComprobantes?wsdl. It failed with: 
	Got Connection reset while opening stream from https://cel.sri.gob.ec/comprobantes-electronicos-ws/RecepcionComprobantes?wsdl.
[2015-09-17 16:56:31,384] INFO   140[main] - com.corvustec.digitaf.files.webservice.AutorizacionComprobantesElectronicosWs.webService(AutorizacionComprobantesElectronicosWs.java:53) - error WebServiceException javax.xml.ws.WebServiceException: Failed to access the WSDL at: https://cel.sri.gob.ec/comprobantes-electronicos-ws/AutorizacionComprobantes?wsdl. It failed with: 
	Got Connection reset while opening stream from https://cel.sri.gob.ec/comprobantes-electronicos-ws/AutorizacionComprobantes?wsdl.
[2015-09-17 16:56:31,384] INFO   140[main] - com.corvustec.digitaf.files.webservice.AutorizacionComprobantesElectronicosWs.verificarConectividad(AutorizacionComprobantesElectronicosWs.java:70) - ProcessFileException com.corvustec.digitaf.files.commons.exception.CorvustecException: error WebServiceExceptionjavax.xml.ws.WebServiceException: Failed to access the WSDL at: https://cel.sri.gob.ec/comprobantes-electronicos-ws/AutorizacionComprobantes?wsdl. It failed with: 
	Got Connection reset while opening stream from https://cel.sri.gob.ec/comprobantes-electronicos-ws/AutorizacionComprobantes?wsdl.
[2015-09-17 16:56:31,512] INFO   268[main] - com.corvustec.digitaf.files.webservice.AutorizacionComprobantesElectronicosWs.webService(AutorizacionComprobantesElectronicosWs.java:53) - error WebServiceException javax.xml.ws.WebServiceException: Failed to access the WSDL at: https://cel.sri.gob.ec/comprobantes-electronicos-ws/AutorizacionComprobantes?wsdl. It failed with: 
	Got Connection reset while opening stream from https://cel.sri.gob.ec/comprobantes-electronicos-ws/AutorizacionComprobantes?wsdl.
[2015-09-17 16:56:31,512] INFO   268[main] - com.corvustec.digitaf.files.webservice.AutorizacionComprobantesElectronicosWs.verificarConectividad(AutorizacionComprobantesElectronicosWs.java:70) - ProcessFileException com.corvustec.digitaf.files.commons.exception.CorvustecException: error WebServiceExceptionjavax.xml.ws.WebServiceException: Failed to access the WSDL at: https://cel.sri.gob.ec/comprobantes-electronicos-ws/AutorizacionComprobantes?wsdl. It failed with: 
	Got Connection reset while opening stream from https://cel.sri.gob.ec/comprobantes-electronicos-ws/AutorizacionComprobantes?wsdl.
[2015-09-17 16:56:44,478] INFO     0[main] - com.corvustec.digitaf.files.webservice.ComprobantesElectronicosWs.webService(ComprobantesElectronicosWs.java:75) - error WebServiceException javax.xml.ws.WebServiceException: Failed to access the WSDL at: https://cel.sri.gob.ec/comprobantes-electronicos-ws/RecepcionComprobantes?wsdl. It failed with: 
	Got Connection reset while opening stream from https://cel.sri.gob.ec/comprobantes-electronicos-ws/RecepcionComprobantes?wsdl.
[2015-09-17 16:56:44,481] INFO     3[main] - com.corvustec.digitaf.files.webservice.ComprobantesElectronicosWs.verificarConectividad(ComprobantesElectronicosWs.java:92) - ProcessFileException com.corvustec.digitaf.files.commons.exception.CorvustecException: error WebServiceExceptionjavax.xml.ws.WebServiceException: Failed to access the WSDL at: https://cel.sri.gob.ec/comprobantes-electronicos-ws/RecepcionComprobantes?wsdl. It failed with: 
	Got Connection reset while opening stream from https://cel.sri.gob.ec/comprobantes-electronicos-ws/RecepcionComprobantes?wsdl.
[2015-09-17 16:56:44,612] INFO   134[main] - com.corvustec.digitaf.files.webservice.AutorizacionComprobantesElectronicosWs.webService(AutorizacionComprobantesElectronicosWs.java:53) - error WebServiceException javax.xml.ws.WebServiceException: Failed to access the WSDL at: https://cel.sri.gob.ec/comprobantes-electronicos-ws/AutorizacionComprobantes?wsdl. It failed with: 
	Got Connection reset while opening stream from https://cel.sri.gob.ec/comprobantes-electronicos-ws/AutorizacionComprobantes?wsdl.
[2015-09-17 16:56:44,612] INFO   134[main] - com.corvustec.digitaf.files.webservice.AutorizacionComprobantesElectronicosWs.verificarConectividad(AutorizacionComprobantesElectronicosWs.java:70) - ProcessFileException com.corvustec.digitaf.files.commons.exception.CorvustecException: error WebServiceExceptionjavax.xml.ws.WebServiceException: Failed to access the WSDL at: https://cel.sri.gob.ec/comprobantes-electronicos-ws/AutorizacionComprobantes?wsdl. It failed with: 
	Got Connection reset while opening stream from https://cel.sri.gob.ec/comprobantes-electronicos-ws/AutorizacionComprobantes?wsdl.
[2015-09-17 16:56:44,745] INFO   267[main] - com.corvustec.digitaf.files.webservice.AutorizacionComprobantesElectronicosWs.webService(AutorizacionComprobantesElectronicosWs.java:53) - error WebServiceException javax.xml.ws.WebServiceException: Failed to access the WSDL at: https://cel.sri.gob.ec/comprobantes-electronicos-ws/AutorizacionComprobantes?wsdl. It failed with: 
	Got Connection reset while opening stream from https://cel.sri.gob.ec/comprobantes-electronicos-ws/AutorizacionComprobantes?wsdl.
[2015-09-17 16:56:44,745] INFO   267[main] - com.corvustec.digitaf.files.webservice.AutorizacionComprobantesElectronicosWs.verificarConectividad(AutorizacionComprobantesElectronicosWs.java:70) - ProcessFileException com.corvustec.digitaf.files.commons.exception.CorvustecException: error WebServiceExceptionjavax.xml.ws.WebServiceException: Failed to access the WSDL at: https://cel.sri.gob.ec/comprobantes-electronicos-ws/AutorizacionComprobantes?wsdl. It failed with: 
	Got Connection reset while opening stream from https://cel.sri.gob.ec/comprobantes-electronicos-ws/AutorizacionComprobantes?wsdl.
[2015-09-17 16:56:46,292] INFO     0[main] - com.corvustec.digitaf.files.webservice.ComprobantesElectronicosWs.webService(ComprobantesElectronicosWs.java:75) - error WebServiceException javax.xml.ws.WebServiceException: Failed to access the WSDL at: https://cel.sri.gob.ec/comprobantes-electronicos-ws/RecepcionComprobantes?wsdl. It failed with: 
	Got Connection reset while opening stream from https://cel.sri.gob.ec/comprobantes-electronicos-ws/RecepcionComprobantes?wsdl.
[2015-09-17 16:56:46,295] INFO     3[main] - com.corvustec.digitaf.files.webservice.ComprobantesElectronicosWs.verificarConectividad(ComprobantesElectronicosWs.java:92) - ProcessFileException com.corvustec.digitaf.files.commons.exception.CorvustecException: error WebServiceExceptionjavax.xml.ws.WebServiceException: Failed to access the WSDL at: https://cel.sri.gob.ec/comprobantes-electronicos-ws/RecepcionComprobantes?wsdl. It failed with: 
	Got Connection reset while opening stream from https://cel.sri.gob.ec/comprobantes-electronicos-ws/RecepcionComprobantes?wsdl.
[2015-09-17 16:56:46,437] INFO   145[main] - com.corvustec.digitaf.files.webservice.AutorizacionComprobantesElectronicosWs.webService(AutorizacionComprobantesElectronicosWs.java:53) - error WebServiceException javax.xml.ws.WebServiceException: Failed to access the WSDL at: https://cel.sri.gob.ec/comprobantes-electronicos-ws/AutorizacionComprobantes?wsdl. It failed with: 
	Got Connection reset while opening stream from https://cel.sri.gob.ec/comprobantes-electronicos-ws/AutorizacionComprobantes?wsdl.
[2015-09-17 16:56:46,437] INFO   145[main] - com.corvustec.digitaf.files.webservice.AutorizacionComprobantesElectronicosWs.verificarConectividad(AutorizacionComprobantesElectronicosWs.java:70) - ProcessFileException com.corvustec.digitaf.files.commons.exception.CorvustecException: error WebServiceExceptionjavax.xml.ws.WebServiceException: Failed to access the WSDL at: https://cel.sri.gob.ec/comprobantes-electronicos-ws/AutorizacionComprobantes?wsdl. It failed with: 
	Got Connection reset while opening stream from https://cel.sri.gob.ec/comprobantes-electronicos-ws/AutorizacionComprobantes?wsdl.
[2015-09-17 16:56:46,568] INFO   276[main] - com.corvustec.digitaf.files.webservice.AutorizacionComprobantesElectronicosWs.webService(AutorizacionComprobantesElectronicosWs.java:53) - error WebServiceException javax.xml.ws.WebServiceException: Failed to access the WSDL at: https://cel.sri.gob.ec/comprobantes-electronicos-ws/AutorizacionComprobantes?wsdl. It failed with: 
	Got Connection reset while opening stream from https://cel.sri.gob.ec/comprobantes-electronicos-ws/AutorizacionComprobantes?wsdl.
[2015-09-17 16:56:46,568] INFO   276[main] - com.corvustec.digitaf.files.webservice.AutorizacionComprobantesElectronicosWs.verificarConectividad(AutorizacionComprobantesElectronicosWs.java:70) - ProcessFileException com.corvustec.digitaf.files.commons.exception.CorvustecException: error WebServiceExceptionjavax.xml.ws.WebServiceException: Failed to access the WSDL at: https://cel.sri.gob.ec/comprobantes-electronicos-ws/AutorizacionComprobantes?wsdl. It failed with: 
	Got Connection reset while opening stream from https://cel.sri.gob.ec/comprobantes-electronicos-ws/AutorizacionComprobantes?wsdl.
[2015-09-17 16:56:48,133] INFO     0[main] - com.corvustec.digitaf.files.webservice.ComprobantesElectronicosWs.webService(ComprobantesElectronicosWs.java:75) - error WebServiceException javax.xml.ws.WebServiceException: Failed to access the WSDL at: https://cel.sri.gob.ec/comprobantes-electronicos-ws/RecepcionComprobantes?wsdl. It failed with: 
	Got Connection reset while opening stream from https://cel.sri.gob.ec/comprobantes-electronicos-ws/RecepcionComprobantes?wsdl.
[2015-09-17 16:56:48,136] INFO     3[main] - com.corvustec.digitaf.files.webservice.ComprobantesElectronicosWs.verificarConectividad(ComprobantesElectronicosWs.java:92) - ProcessFileException com.corvustec.digitaf.files.commons.exception.CorvustecException: error WebServiceExceptionjavax.xml.ws.WebServiceException: Failed to access the WSDL at: https://cel.sri.gob.ec/comprobantes-electronicos-ws/RecepcionComprobantes?wsdl. It failed with: 
	Got Connection reset while opening stream from https://cel.sri.gob.ec/comprobantes-electronicos-ws/RecepcionComprobantes?wsdl.
[2015-09-17 16:56:48,277] INFO   144[main] - com.corvustec.digitaf.files.webservice.AutorizacionComprobantesElectronicosWs.webService(AutorizacionComprobantesElectronicosWs.java:53) - error WebServiceException javax.xml.ws.WebServiceException: Failed to access the WSDL at: https://cel.sri.gob.ec/comprobantes-electronicos-ws/AutorizacionComprobantes?wsdl. It failed with: 
	Got Connection reset while opening stream from https://cel.sri.gob.ec/comprobantes-electronicos-ws/AutorizacionComprobantes?wsdl.
[2015-09-17 16:56:48,277] INFO   144[main] - com.corvustec.digitaf.files.webservice.AutorizacionComprobantesElectronicosWs.verificarConectividad(AutorizacionComprobantesElectronicosWs.java:70) - ProcessFileException com.corvustec.digitaf.files.commons.exception.CorvustecException: error WebServiceExceptionjavax.xml.ws.WebServiceException: Failed to access the WSDL at: https://cel.sri.gob.ec/comprobantes-electronicos-ws/AutorizacionComprobantes?wsdl. It failed with: 
	Got Connection reset while opening stream from https://cel.sri.gob.ec/comprobantes-electronicos-ws/AutorizacionComprobantes?wsdl.
[2015-09-17 16:56:48,405] INFO   272[main] - com.corvustec.digitaf.files.webservice.AutorizacionComprobantesElectronicosWs.webService(AutorizacionComprobantesElectronicosWs.java:53) - error WebServiceException javax.xml.ws.WebServiceException: Failed to access the WSDL at: https://cel.sri.gob.ec/comprobantes-electronicos-ws/AutorizacionComprobantes?wsdl. It failed with: 
	Got Connection reset while opening stream from https://cel.sri.gob.ec/comprobantes-electronicos-ws/AutorizacionComprobantes?wsdl.
[2015-09-17 16:56:48,405] INFO   272[main] - com.corvustec.digitaf.files.webservice.AutorizacionComprobantesElectronicosWs.verificarConectividad(AutorizacionComprobantesElectronicosWs.java:70) - ProcessFileException com.corvustec.digitaf.files.commons.exception.CorvustecException: error WebServiceExceptionjavax.xml.ws.WebServiceException: Failed to access the WSDL at: https://cel.sri.gob.ec/comprobantes-electronicos-ws/AutorizacionComprobantes?wsdl. It failed with: 
	Got Connection reset while opening stream from https://cel.sri.gob.ec/comprobantes-electronicos-ws/AutorizacionComprobantes?wsdl.
[2015-09-17 16:56:49,953] INFO     0[main] - com.corvustec.digitaf.files.webservice.ComprobantesElectronicosWs.webService(ComprobantesElectronicosWs.java:75) - error WebServiceException javax.xml.ws.WebServiceException: Failed to access the WSDL at: https://cel.sri.gob.ec/comprobantes-electronicos-ws/RecepcionComprobantes?wsdl. It failed with: 
	Got Connection reset while opening stream from https://cel.sri.gob.ec/comprobantes-electronicos-ws/RecepcionComprobantes?wsdl.
[2015-09-17 16:56:49,955] INFO     2[main] - com.corvustec.digitaf.files.webservice.ComprobantesElectronicosWs.verificarConectividad(ComprobantesElectronicosWs.java:92) - ProcessFileException com.corvustec.digitaf.files.commons.exception.CorvustecException: error WebServiceExceptionjavax.xml.ws.WebServiceException: Failed to access the WSDL at: https://cel.sri.gob.ec/comprobantes-electronicos-ws/RecepcionComprobantes?wsdl. It failed with: 
	Got Connection reset while opening stream from https://cel.sri.gob.ec/comprobantes-electronicos-ws/RecepcionComprobantes?wsdl.
[2015-09-17 16:56:50,087] INFO   134[main] - com.corvustec.digitaf.files.webservice.AutorizacionComprobantesElectronicosWs.webService(AutorizacionComprobantesElectronicosWs.java:53) - error WebServiceException javax.xml.ws.WebServiceException: Failed to access the WSDL at: https://cel.sri.gob.ec/comprobantes-electronicos-ws/AutorizacionComprobantes?wsdl. It failed with: 
	Got Connection reset while opening stream from https://cel.sri.gob.ec/comprobantes-electronicos-ws/AutorizacionComprobantes?wsdl.
[2015-09-17 16:56:50,087] INFO   134[main] - com.corvustec.digitaf.files.webservice.AutorizacionComprobantesElectronicosWs.verificarConectividad(AutorizacionComprobantesElectronicosWs.java:70) - ProcessFileException com.corvustec.digitaf.files.commons.exception.CorvustecException: error WebServiceExceptionjavax.xml.ws.WebServiceException: Failed to access the WSDL at: https://cel.sri.gob.ec/comprobantes-electronicos-ws/AutorizacionComprobantes?wsdl. It failed with: 
	Got Connection reset while opening stream from https://cel.sri.gob.ec/comprobantes-electronicos-ws/AutorizacionComprobantes?wsdl.
[2015-09-17 16:56:50,224] INFO   271[main] - com.corvustec.digitaf.files.webservice.AutorizacionComprobantesElectronicosWs.webService(AutorizacionComprobantesElectronicosWs.java:53) - error WebServiceException javax.xml.ws.WebServiceException: Failed to access the WSDL at: https://cel.sri.gob.ec/comprobantes-electronicos-ws/AutorizacionComprobantes?wsdl. It failed with: 
	Got Connection reset while opening stream from https://cel.sri.gob.ec/comprobantes-electronicos-ws/AutorizacionComprobantes?wsdl.
[2015-09-17 16:56:50,224] INFO   271[main] - com.corvustec.digitaf.files.webservice.AutorizacionComprobantesElectronicosWs.verificarConectividad(AutorizacionComprobantesElectronicosWs.java:70) - ProcessFileException com.corvustec.digitaf.files.commons.exception.CorvustecException: error WebServiceExceptionjavax.xml.ws.WebServiceException: Failed to access the WSDL at: https://cel.sri.gob.ec/comprobantes-electronicos-ws/AutorizacionComprobantes?wsdl. It failed with: 
	Got Connection reset while opening stream from https://cel.sri.gob.ec/comprobantes-electronicos-ws/AutorizacionComprobantes?wsdl.
[2015-09-17 16:56:54,300] INFO     0[main] - com.corvustec.digitaf.files.webservice.ComprobantesElectronicosWs.webService(ComprobantesElectronicosWs.java:75) - error WebServiceException javax.xml.ws.WebServiceException: Failed to access the WSDL at: https://cel.sri.gob.ec/comprobantes-electronicos-ws/RecepcionComprobantes?wsdl. It failed with: 
	Got Connection reset while opening stream from https://cel.sri.gob.ec/comprobantes-electronicos-ws/RecepcionComprobantes?wsdl.
[2015-09-17 16:56:54,302] INFO     2[main] - com.corvustec.digitaf.files.webservice.ComprobantesElectronicosWs.verificarConectividad(ComprobantesElectronicosWs.java:92) - ProcessFileException com.corvustec.digitaf.files.commons.exception.CorvustecException: error WebServiceExceptionjavax.xml.ws.WebServiceException: Failed to access the WSDL at: https://cel.sri.gob.ec/comprobantes-electronicos-ws/RecepcionComprobantes?wsdl. It failed with: 
	Got Connection reset while opening stream from https://cel.sri.gob.ec/comprobantes-electronicos-ws/RecepcionComprobantes?wsdl.
[2015-09-17 16:56:54,432] INFO   132[main] - com.corvustec.digitaf.files.webservice.AutorizacionComprobantesElectronicosWs.webService(AutorizacionComprobantesElectronicosWs.java:53) - error WebServiceException javax.xml.ws.WebServiceException: Failed to access the WSDL at: https://cel.sri.gob.ec/comprobantes-electronicos-ws/AutorizacionComprobantes?wsdl. It failed with: 
	Got Connection reset while opening stream from https://cel.sri.gob.ec/comprobantes-electronicos-ws/AutorizacionComprobantes?wsdl.
[2015-09-17 16:56:54,432] INFO   132[main] - com.corvustec.digitaf.files.webservice.AutorizacionComprobantesElectronicosWs.verificarConectividad(AutorizacionComprobantesElectronicosWs.java:70) - ProcessFileException com.corvustec.digitaf.files.commons.exception.CorvustecException: error WebServiceExceptionjavax.xml.ws.WebServiceException: Failed to access the WSDL at: https://cel.sri.gob.ec/comprobantes-electronicos-ws/AutorizacionComprobantes?wsdl. It failed with: 
	Got Connection reset while opening stream from https://cel.sri.gob.ec/comprobantes-electronicos-ws/AutorizacionComprobantes?wsdl.
[2015-09-17 16:56:54,565] INFO   265[main] - com.corvustec.digitaf.files.webservice.AutorizacionComprobantesElectronicosWs.webService(AutorizacionComprobantesElectronicosWs.java:53) - error WebServiceException javax.xml.ws.WebServiceException: Failed to access the WSDL at: https://cel.sri.gob.ec/comprobantes-electronicos-ws/AutorizacionComprobantes?wsdl. It failed with: 
	Got Connection reset while opening stream from https://cel.sri.gob.ec/comprobantes-electronicos-ws/AutorizacionComprobantes?wsdl.
[2015-09-17 16:56:54,565] INFO   265[main] - com.corvustec.digitaf.files.webservice.AutorizacionComprobantesElectronicosWs.verificarConectividad(AutorizacionComprobantesElectronicosWs.java:70) - ProcessFileException com.corvustec.digitaf.files.commons.exception.CorvustecException: error WebServiceExceptionjavax.xml.ws.WebServiceException: Failed to access the WSDL at: https://cel.sri.gob.ec/comprobantes-electronicos-ws/AutorizacionComprobantes?wsdl. It failed with: 
	Got Connection reset while opening stream from https://cel.sri.gob.ec/comprobantes-electronicos-ws/AutorizacionComprobantes?wsdl.
[2015-09-17 16:56:56,111] INFO     0[main] - com.corvustec.digitaf.files.webservice.ComprobantesElectronicosWs.webService(ComprobantesElectronicosWs.java:75) - error WebServiceException javax.xml.ws.WebServiceException: Failed to access the WSDL at: https://cel.sri.gob.ec/comprobantes-electronicos-ws/RecepcionComprobantes?wsdl. It failed with: 
	Got Connection reset while opening stream from https://cel.sri.gob.ec/comprobantes-electronicos-ws/RecepcionComprobantes?wsdl.
[2015-09-17 16:56:56,113] INFO     2[main] - com.corvustec.digitaf.files.webservice.ComprobantesElectronicosWs.verificarConectividad(ComprobantesElectronicosWs.java:92) - ProcessFileException com.corvustec.digitaf.files.commons.exception.CorvustecException: error WebServiceExceptionjavax.xml.ws.WebServiceException: Failed to access the WSDL at: https://cel.sri.gob.ec/comprobantes-electronicos-ws/RecepcionComprobantes?wsdl. It failed with: 
	Got Connection reset while opening stream from https://cel.sri.gob.ec/comprobantes-electronicos-ws/RecepcionComprobantes?wsdl.
[2015-09-17 16:56:56,260] INFO   149[main] - com.corvustec.digitaf.files.webservice.AutorizacionComprobantesElectronicosWs.webService(AutorizacionComprobantesElectronicosWs.java:53) - error WebServiceException javax.xml.ws.WebServiceException: Failed to access the WSDL at: https://cel.sri.gob.ec/comprobantes-electronicos-ws/AutorizacionComprobantes?wsdl. It failed with: 
	Got Connection reset while opening stream from https://cel.sri.gob.ec/comprobantes-electronicos-ws/AutorizacionComprobantes?wsdl.
[2015-09-17 16:56:56,261] INFO   150[main] - com.corvustec.digitaf.files.webservice.AutorizacionComprobantesElectronicosWs.verificarConectividad(AutorizacionComprobantesElectronicosWs.java:70) - ProcessFileException com.corvustec.digitaf.files.commons.exception.CorvustecException: error WebServiceExceptionjavax.xml.ws.WebServiceException: Failed to access the WSDL at: https://cel.sri.gob.ec/comprobantes-electronicos-ws/AutorizacionComprobantes?wsdl. It failed with: 
	Got Connection reset while opening stream from https://cel.sri.gob.ec/comprobantes-electronicos-ws/AutorizacionComprobantes?wsdl.
[2015-09-17 16:56:56,393] INFO   282[main] - com.corvustec.digitaf.files.webservice.AutorizacionComprobantesElectronicosWs.webService(AutorizacionComprobantesElectronicosWs.java:53) - error WebServiceException javax.xml.ws.WebServiceException: Failed to access the WSDL at: https://cel.sri.gob.ec/comprobantes-electronicos-ws/AutorizacionComprobantes?wsdl. It failed with: 
	Got Connection reset while opening stream from https://cel.sri.gob.ec/comprobantes-electronicos-ws/AutorizacionComprobantes?wsdl.
[2015-09-17 16:56:56,393] INFO   282[main] - com.corvustec.digitaf.files.webservice.AutorizacionComprobantesElectronicosWs.verificarConectividad(AutorizacionComprobantesElectronicosWs.java:70) - ProcessFileException com.corvustec.digitaf.files.commons.exception.CorvustecException: error WebServiceExceptionjavax.xml.ws.WebServiceException: Failed to access the WSDL at: https://cel.sri.gob.ec/comprobantes-electronicos-ws/AutorizacionComprobantes?wsdl. It failed with: 
	Got Connection reset while opening stream from https://cel.sri.gob.ec/comprobantes-electronicos-ws/AutorizacionComprobantes?wsdl.
[2015-09-17 16:56:57,948] INFO     0[main] - com.corvustec.digitaf.files.webservice.ComprobantesElectronicosWs.webService(ComprobantesElectronicosWs.java:75) - error WebServiceException javax.xml.ws.WebServiceException: Failed to access the WSDL at: https://cel.sri.gob.ec/comprobantes-electronicos-ws/RecepcionComprobantes?wsdl. It failed with: 
	Got Connection reset while opening stream from https://cel.sri.gob.ec/comprobantes-electronicos-ws/RecepcionComprobantes?wsdl.
[2015-09-17 16:56:57,950] INFO     2[main] - com.corvustec.digitaf.files.webservice.ComprobantesElectronicosWs.verificarConectividad(ComprobantesElectronicosWs.java:92) - ProcessFileException com.corvustec.digitaf.files.commons.exception.CorvustecException: error WebServiceExceptionjavax.xml.ws.WebServiceException: Failed to access the WSDL at: https://cel.sri.gob.ec/comprobantes-electronicos-ws/RecepcionComprobantes?wsdl. It failed with: 
	Got Connection reset while opening stream from https://cel.sri.gob.ec/comprobantes-electronicos-ws/RecepcionComprobantes?wsdl.
[2015-09-17 16:56:58,103] INFO   155[main] - com.corvustec.digitaf.files.webservice.AutorizacionComprobantesElectronicosWs.webService(AutorizacionComprobantesElectronicosWs.java:53) - error WebServiceException javax.xml.ws.WebServiceException: Failed to access the WSDL at: https://cel.sri.gob.ec/comprobantes-electronicos-ws/AutorizacionComprobantes?wsdl. It failed with: 
	Got Connection reset while opening stream from https://cel.sri.gob.ec/comprobantes-electronicos-ws/AutorizacionComprobantes?wsdl.
[2015-09-17 16:56:58,103] INFO   155[main] - com.corvustec.digitaf.files.webservice.AutorizacionComprobantesElectronicosWs.verificarConectividad(AutorizacionComprobantesElectronicosWs.java:70) - ProcessFileException com.corvustec.digitaf.files.commons.exception.CorvustecException: error WebServiceExceptionjavax.xml.ws.WebServiceException: Failed to access the WSDL at: https://cel.sri.gob.ec/comprobantes-electronicos-ws/AutorizacionComprobantes?wsdl. It failed with: 
	Got Connection reset while opening stream from https://cel.sri.gob.ec/comprobantes-electronicos-ws/AutorizacionComprobantes?wsdl.
[2015-09-17 16:56:58,228] INFO   280[main] - com.corvustec.digitaf.files.webservice.AutorizacionComprobantesElectronicosWs.webService(AutorizacionComprobantesElectronicosWs.java:53) - error WebServiceException javax.xml.ws.WebServiceException: Failed to access the WSDL at: https://cel.sri.gob.ec/comprobantes-electronicos-ws/AutorizacionComprobantes?wsdl. It failed with: 
	Got Connection reset while opening stream from https://cel.sri.gob.ec/comprobantes-electronicos-ws/AutorizacionComprobantes?wsdl.
[2015-09-17 16:56:58,229] INFO   281[main] - com.corvustec.digitaf.files.webservice.AutorizacionComprobantesElectronicosWs.verificarConectividad(AutorizacionComprobantesElectronicosWs.java:70) - ProcessFileException com.corvustec.digitaf.files.commons.exception.CorvustecException: error WebServiceExceptionjavax.xml.ws.WebServiceException: Failed to access the WSDL at: https://cel.sri.gob.ec/comprobantes-electronicos-ws/AutorizacionComprobantes?wsdl. It failed with: 
	Got Connection reset while opening stream from https://cel.sri.gob.ec/comprobantes-electronicos-ws/AutorizacionComprobantes?wsdl.
[2015-09-17 16:56:59,818] INFO     0[main] - com.corvustec.digitaf.files.webservice.ComprobantesElectronicosWs.webService(ComprobantesElectronicosWs.java:75) - error WebServiceException javax.xml.ws.WebServiceException: Failed to access the WSDL at: https://cel.sri.gob.ec/comprobantes-electronicos-ws/RecepcionComprobantes?wsdl. It failed with: 
	Got Connection reset while opening stream from https://cel.sri.gob.ec/comprobantes-electronicos-ws/RecepcionComprobantes?wsdl.
[2015-09-17 16:56:59,820] INFO     2[main] - com.corvustec.digitaf.files.webservice.ComprobantesElectronicosWs.verificarConectividad(ComprobantesElectronicosWs.java:92) - ProcessFileException com.corvustec.digitaf.files.commons.exception.CorvustecException: error WebServiceExceptionjavax.xml.ws.WebServiceException: Failed to access the WSDL at: https://cel.sri.gob.ec/comprobantes-electronicos-ws/RecepcionComprobantes?wsdl. It failed with: 
	Got Connection reset while opening stream from https://cel.sri.gob.ec/comprobantes-electronicos-ws/RecepcionComprobantes?wsdl.
[2015-09-17 16:56:59,968] INFO   150[main] - com.corvustec.digitaf.files.webservice.AutorizacionComprobantesElectronicosWs.webService(AutorizacionComprobantesElectronicosWs.java:53) - error WebServiceException javax.xml.ws.WebServiceException: Failed to access the WSDL at: https://cel.sri.gob.ec/comprobantes-electronicos-ws/AutorizacionComprobantes?wsdl. It failed with: 
	Got Connection reset while opening stream from https://cel.sri.gob.ec/comprobantes-electronicos-ws/AutorizacionComprobantes?wsdl.
[2015-09-17 16:56:59,968] INFO   150[main] - com.corvustec.digitaf.files.webservice.AutorizacionComprobantesElectronicosWs.verificarConectividad(AutorizacionComprobantesElectronicosWs.java:70) - ProcessFileException com.corvustec.digitaf.files.commons.exception.CorvustecException: error WebServiceExceptionjavax.xml.ws.WebServiceException: Failed to access the WSDL at: https://cel.sri.gob.ec/comprobantes-electronicos-ws/AutorizacionComprobantes?wsdl. It failed with: 
	Got Connection reset while opening stream from https://cel.sri.gob.ec/comprobantes-electronicos-ws/AutorizacionComprobantes?wsdl.
[2015-09-17 16:57:00,097] INFO   279[main] - com.corvustec.digitaf.files.webservice.AutorizacionComprobantesElectronicosWs.webService(AutorizacionComprobantesElectronicosWs.java:53) - error WebServiceException javax.xml.ws.WebServiceException: Failed to access the WSDL at: https://cel.sri.gob.ec/comprobantes-electronicos-ws/AutorizacionComprobantes?wsdl. It failed with: 
	Got Connection reset while opening stream from https://cel.sri.gob.ec/comprobantes-electronicos-ws/AutorizacionComprobantes?wsdl.
[2015-09-17 16:57:00,097] INFO   279[main] - com.corvustec.digitaf.files.webservice.AutorizacionComprobantesElectronicosWs.verificarConectividad(AutorizacionComprobantesElectronicosWs.java:70) - ProcessFileException com.corvustec.digitaf.files.commons.exception.CorvustecException: error WebServiceExceptionjavax.xml.ws.WebServiceException: Failed to access the WSDL at: https://cel.sri.gob.ec/comprobantes-electronicos-ws/AutorizacionComprobantes?wsdl. It failed with: 
	Got Connection reset while opening stream from https://cel.sri.gob.ec/comprobantes-electronicos-ws/AutorizacionComprobantes?wsdl.
[2015-09-17 16:58:25,237] INFO     0[main] - com.corvustec.digitaf.files.webservice.ComprobantesElectronicosWs.webService(ComprobantesElectronicosWs.java:75) - error WebServiceException javax.xml.ws.WebServiceException: Failed to access the WSDL at: https://cel.sri.gob.ec/comprobantes-electronicos-ws/RecepcionComprobantes?wsdl. It failed with: 
	Got Connection reset while opening stream from https://cel.sri.gob.ec/comprobantes-electronicos-ws/RecepcionComprobantes?wsdl.
[2015-09-17 16:58:25,239] INFO     2[main] - com.corvustec.digitaf.files.webservice.ComprobantesElectronicosWs.verificarConectividad(ComprobantesElectronicosWs.java:92) - ProcessFileException com.corvustec.digitaf.files.commons.exception.CorvustecException: error WebServiceExceptionjavax.xml.ws.WebServiceException: Failed to access the WSDL at: https://cel.sri.gob.ec/comprobantes-electronicos-ws/RecepcionComprobantes?wsdl. It failed with: 
	Got Connection reset while opening stream from https://cel.sri.gob.ec/comprobantes-electronicos-ws/RecepcionComprobantes?wsdl.
[2015-09-17 16:58:25,372] INFO   135[main] - com.corvustec.digitaf.files.webservice.AutorizacionComprobantesElectronicosWs.webService(AutorizacionComprobantesElectronicosWs.java:53) - error WebServiceException javax.xml.ws.WebServiceException: Failed to access the WSDL at: https://cel.sri.gob.ec/comprobantes-electronicos-ws/AutorizacionComprobantes?wsdl. It failed with: 
	Got Connection reset while opening stream from https://cel.sri.gob.ec/comprobantes-electronicos-ws/AutorizacionComprobantes?wsdl.
[2015-09-17 16:58:25,372] INFO   135[main] - com.corvustec.digitaf.files.webservice.AutorizacionComprobantesElectronicosWs.verificarConectividad(AutorizacionComprobantesElectronicosWs.java:70) - ProcessFileException com.corvustec.digitaf.files.commons.exception.CorvustecException: error WebServiceExceptionjavax.xml.ws.WebServiceException: Failed to access the WSDL at: https://cel.sri.gob.ec/comprobantes-electronicos-ws/AutorizacionComprobantes?wsdl. It failed with: 
	Got Connection reset while opening stream from https://cel.sri.gob.ec/comprobantes-electronicos-ws/AutorizacionComprobantes?wsdl.
[2015-09-17 16:58:25,506] INFO   269[main] - com.corvustec.digitaf.files.webservice.AutorizacionComprobantesElectronicosWs.webService(AutorizacionComprobantesElectronicosWs.java:53) - error WebServiceException javax.xml.ws.WebServiceException: Failed to access the WSDL at: https://cel.sri.gob.ec/comprobantes-electronicos-ws/AutorizacionComprobantes?wsdl. It failed with: 
	Got Connection reset while opening stream from https://cel.sri.gob.ec/comprobantes-electronicos-ws/AutorizacionComprobantes?wsdl.
[2015-09-17 16:58:25,506] INFO   269[main] - com.corvustec.digitaf.files.webservice.AutorizacionComprobantesElectronicosWs.verificarConectividad(AutorizacionComprobantesElectronicosWs.java:70) - ProcessFileException com.corvustec.digitaf.files.commons.exception.CorvustecException: error WebServiceExceptionjavax.xml.ws.WebServiceException: Failed to access the WSDL at: https://cel.sri.gob.ec/comprobantes-electronicos-ws/AutorizacionComprobantes?wsdl. It failed with: 
	Got Connection reset while opening stream from https://cel.sri.gob.ec/comprobantes-electronicos-ws/AutorizacionComprobantes?wsdl.
[2015-09-17 16:58:27,074] INFO     0[main] - com.corvustec.digitaf.files.webservice.ComprobantesElectronicosWs.webService(ComprobantesElectronicosWs.java:75) - error WebServiceException javax.xml.ws.WebServiceException: Failed to access the WSDL at: https://cel.sri.gob.ec/comprobantes-electronicos-ws/RecepcionComprobantes?wsdl. It failed with: 
	Got Connection reset while opening stream from https://cel.sri.gob.ec/comprobantes-electronicos-ws/RecepcionComprobantes?wsdl.
[2015-09-17 16:58:27,076] INFO     2[main] - com.corvustec.digitaf.files.webservice.ComprobantesElectronicosWs.verificarConectividad(ComprobantesElectronicosWs.java:92) - ProcessFileException com.corvustec.digitaf.files.commons.exception.CorvustecException: error WebServiceExceptionjavax.xml.ws.WebServiceException: Failed to access the WSDL at: https://cel.sri.gob.ec/comprobantes-electronicos-ws/RecepcionComprobantes?wsdl. It failed with: 
	Got Connection reset while opening stream from https://cel.sri.gob.ec/comprobantes-electronicos-ws/RecepcionComprobantes?wsdl.
[2015-09-17 16:58:27,214] INFO   140[main] - com.corvustec.digitaf.files.webservice.AutorizacionComprobantesElectronicosWs.webService(AutorizacionComprobantesElectronicosWs.java:53) - error WebServiceException javax.xml.ws.WebServiceException: Failed to access the WSDL at: https://cel.sri.gob.ec/comprobantes-electronicos-ws/AutorizacionComprobantes?wsdl. It failed with: 
	Got Connection reset while opening stream from https://cel.sri.gob.ec/comprobantes-electronicos-ws/AutorizacionComprobantes?wsdl.
[2015-09-17 16:58:27,214] INFO   140[main] - com.corvustec.digitaf.files.webservice.AutorizacionComprobantesElectronicosWs.verificarConectividad(AutorizacionComprobantesElectronicosWs.java:70) - ProcessFileException com.corvustec.digitaf.files.commons.exception.CorvustecException: error WebServiceExceptionjavax.xml.ws.WebServiceException: Failed to access the WSDL at: https://cel.sri.gob.ec/comprobantes-electronicos-ws/AutorizacionComprobantes?wsdl. It failed with: 
	Got Connection reset while opening stream from https://cel.sri.gob.ec/comprobantes-electronicos-ws/AutorizacionComprobantes?wsdl.
[2015-09-17 16:58:27,342] INFO   268[main] - com.corvustec.digitaf.files.webservice.AutorizacionComprobantesElectronicosWs.webService(AutorizacionComprobantesElectronicosWs.java:53) - error WebServiceException javax.xml.ws.WebServiceException: Failed to access the WSDL at: https://cel.sri.gob.ec/comprobantes-electronicos-ws/AutorizacionComprobantes?wsdl. It failed with: 
	Got Connection reset while opening stream from https://cel.sri.gob.ec/comprobantes-electronicos-ws/AutorizacionComprobantes?wsdl.
[2015-09-17 16:58:27,342] INFO   268[main] - com.corvustec.digitaf.files.webservice.AutorizacionComprobantesElectronicosWs.verificarConectividad(AutorizacionComprobantesElectronicosWs.java:70) - ProcessFileException com.corvustec.digitaf.files.commons.exception.CorvustecException: error WebServiceExceptionjavax.xml.ws.WebServiceException: Failed to access the WSDL at: https://cel.sri.gob.ec/comprobantes-electronicos-ws/AutorizacionComprobantes?wsdl. It failed with: 
	Got Connection reset while opening stream from https://cel.sri.gob.ec/comprobantes-electronicos-ws/AutorizacionComprobantes?wsdl.
[2015-09-17 16:58:28,899] INFO     0[main] - com.corvustec.digitaf.files.webservice.ComprobantesElectronicosWs.webService(ComprobantesElectronicosWs.java:75) - error WebServiceException javax.xml.ws.WebServiceException: Failed to access the WSDL at: https://cel.sri.gob.ec/comprobantes-electronicos-ws/RecepcionComprobantes?wsdl. It failed with: 
	Got Connection reset while opening stream from https://cel.sri.gob.ec/comprobantes-electronicos-ws/RecepcionComprobantes?wsdl.
[2015-09-17 16:58:28,902] INFO     3[main] - com.corvustec.digitaf.files.webservice.ComprobantesElectronicosWs.verificarConectividad(ComprobantesElectronicosWs.java:92) - ProcessFileException com.corvustec.digitaf.files.commons.exception.CorvustecException: error WebServiceExceptionjavax.xml.ws.WebServiceException: Failed to access the WSDL at: https://cel.sri.gob.ec/comprobantes-electronicos-ws/RecepcionComprobantes?wsdl. It failed with: 
	Got Connection reset while opening stream from https://cel.sri.gob.ec/comprobantes-electronicos-ws/RecepcionComprobantes?wsdl.
[2015-09-17 16:58:29,041] INFO   142[main] - com.corvustec.digitaf.files.webservice.AutorizacionComprobantesElectronicosWs.webService(AutorizacionComprobantesElectronicosWs.java:53) - error WebServiceException javax.xml.ws.WebServiceException: Failed to access the WSDL at: https://cel.sri.gob.ec/comprobantes-electronicos-ws/AutorizacionComprobantes?wsdl. It failed with: 
	Got Connection reset while opening stream from https://cel.sri.gob.ec/comprobantes-electronicos-ws/AutorizacionComprobantes?wsdl.
[2015-09-17 16:58:29,041] INFO   142[main] - com.corvustec.digitaf.files.webservice.AutorizacionComprobantesElectronicosWs.verificarConectividad(AutorizacionComprobantesElectronicosWs.java:70) - ProcessFileException com.corvustec.digitaf.files.commons.exception.CorvustecException: error WebServiceExceptionjavax.xml.ws.WebServiceException: Failed to access the WSDL at: https://cel.sri.gob.ec/comprobantes-electronicos-ws/AutorizacionComprobantes?wsdl. It failed with: 
	Got Connection reset while opening stream from https://cel.sri.gob.ec/comprobantes-electronicos-ws/AutorizacionComprobantes?wsdl.
[2015-09-17 16:58:29,167] INFO   268[main] - com.corvustec.digitaf.files.webservice.AutorizacionComprobantesElectronicosWs.webService(AutorizacionComprobantesElectronicosWs.java:53) - error WebServiceException javax.xml.ws.WebServiceException: Failed to access the WSDL at: https://cel.sri.gob.ec/comprobantes-electronicos-ws/AutorizacionComprobantes?wsdl. It failed with: 
	Got Connection reset while opening stream from https://cel.sri.gob.ec/comprobantes-electronicos-ws/AutorizacionComprobantes?wsdl.
[2015-09-17 16:58:29,167] INFO   268[main] - com.corvustec.digitaf.files.webservice.AutorizacionComprobantesElectronicosWs.verificarConectividad(AutorizacionComprobantesElectronicosWs.java:70) - ProcessFileException com.corvustec.digitaf.files.commons.exception.CorvustecException: error WebServiceExceptionjavax.xml.ws.WebServiceException: Failed to access the WSDL at: https://cel.sri.gob.ec/comprobantes-electronicos-ws/AutorizacionComprobantes?wsdl. It failed with: 
	Got Connection reset while opening stream from https://cel.sri.gob.ec/comprobantes-electronicos-ws/AutorizacionComprobantes?wsdl.
[2015-09-17 16:58:30,731] INFO     0[main] - com.corvustec.digitaf.files.webservice.ComprobantesElectronicosWs.webService(ComprobantesElectronicosWs.java:75) - error WebServiceException javax.xml.ws.WebServiceException: Failed to access the WSDL at: https://cel.sri.gob.ec/comprobantes-electronicos-ws/RecepcionComprobantes?wsdl. It failed with: 
	Got Connection reset while opening stream from https://cel.sri.gob.ec/comprobantes-electronicos-ws/RecepcionComprobantes?wsdl.
[2015-09-17 16:58:30,733] INFO     2[main] - com.corvustec.digitaf.files.webservice.ComprobantesElectronicosWs.verificarConectividad(ComprobantesElectronicosWs.java:92) - ProcessFileException com.corvustec.digitaf.files.commons.exception.CorvustecException: error WebServiceExceptionjavax.xml.ws.WebServiceException: Failed to access the WSDL at: https://cel.sri.gob.ec/comprobantes-electronicos-ws/RecepcionComprobantes?wsdl. It failed with: 
	Got Connection reset while opening stream from https://cel.sri.gob.ec/comprobantes-electronicos-ws/RecepcionComprobantes?wsdl.
[2015-09-17 16:58:30,872] INFO   141[main] - com.corvustec.digitaf.files.webservice.AutorizacionComprobantesElectronicosWs.webService(AutorizacionComprobantesElectronicosWs.java:53) - error WebServiceException javax.xml.ws.WebServiceException: Failed to access the WSDL at: https://cel.sri.gob.ec/comprobantes-electronicos-ws/AutorizacionComprobantes?wsdl. It failed with: 
	Got Connection reset while opening stream from https://cel.sri.gob.ec/comprobantes-electronicos-ws/AutorizacionComprobantes?wsdl.
[2015-09-17 16:58:30,873] INFO   142[main] - com.corvustec.digitaf.files.webservice.AutorizacionComprobantesElectronicosWs.verificarConectividad(AutorizacionComprobantesElectronicosWs.java:70) - ProcessFileException com.corvustec.digitaf.files.commons.exception.CorvustecException: error WebServiceExceptionjavax.xml.ws.WebServiceException: Failed to access the WSDL at: https://cel.sri.gob.ec/comprobantes-electronicos-ws/AutorizacionComprobantes?wsdl. It failed with: 
	Got Connection reset while opening stream from https://cel.sri.gob.ec/comprobantes-electronicos-ws/AutorizacionComprobantes?wsdl.
[2015-09-17 16:58:31,999] INFO  1268[main] - com.corvustec.digitaf.files.webservice.AutorizacionComprobantesElectronicosWs.webService(AutorizacionComprobantesElectronicosWs.java:53) - error WebServiceException javax.xml.ws.WebServiceException: Failed to access the WSDL at: https://cel.sri.gob.ec/comprobantes-electronicos-ws/AutorizacionComprobantes?wsdl. It failed with: 
	Got Connection reset while opening stream from https://cel.sri.gob.ec/comprobantes-electronicos-ws/AutorizacionComprobantes?wsdl.
[2015-09-17 16:58:31,999] INFO  1268[main] - com.corvustec.digitaf.files.webservice.AutorizacionComprobantesElectronicosWs.verificarConectividad(AutorizacionComprobantesElectronicosWs.java:70) - ProcessFileException com.corvustec.digitaf.files.commons.exception.CorvustecException: error WebServiceExceptionjavax.xml.ws.WebServiceException: Failed to access the WSDL at: https://cel.sri.gob.ec/comprobantes-electronicos-ws/AutorizacionComprobantes?wsdl. It failed with: 
	Got Connection reset while opening stream from https://cel.sri.gob.ec/comprobantes-electronicos-ws/AutorizacionComprobantes?wsdl.
