[2015-01-27 10:24:44,873] INFO     0[main] - com.corvustec.digitaf.files.commons.util.ApplicationUtil.formatStringToDate(ApplicationUtil.java:236) - No se pudo transformar la fecha ingresada
[2015-01-28 12:23:25,662] INFO     0[main] - com.corvustec.digitaf.files.webservice.ComprobantesElectronicosWs.webService(ComprobantesElectronicosWs.java:75) - error WebServiceException javax.xml.ws.WebServiceException: Failed to access the WSDL at: https://cel.sri.gob.ec/comprobantes-electronicos-ws/RecepcionComprobantes?wsdl. It failed with: 
	Got Server returned HTTP response code: 503 for URL: https://cel.sri.gob.ec/comprobantes-electronicos-ws/RecepcionComprobantes?wsdl while opening stream from https://cel.sri.gob.ec/comprobantes-electronicos-ws/RecepcionComprobantes?wsdl.
[2015-01-28 12:23:25,670] INFO     8[main] - com.corvustec.digitaf.files.webservice.ComprobantesElectronicosWs.verificarConectividad(ComprobantesElectronicosWs.java:92) - ProcessFileException com.corvustec.digitaf.files.commons.exception.CorvustecException: error WebServiceExceptionjavax.xml.ws.WebServiceException: Failed to access the WSDL at: https://cel.sri.gob.ec/comprobantes-electronicos-ws/RecepcionComprobantes?wsdl. It failed with: 
	Got Server returned HTTP response code: 503 for URL: https://cel.sri.gob.ec/comprobantes-electronicos-ws/RecepcionComprobantes?wsdl while opening stream from https://cel.sri.gob.ec/comprobantes-electronicos-ws/RecepcionComprobantes?wsdl.
[2015-01-28 12:23:56,112] INFO 30450[main] - com.corvustec.digitaf.files.webservice.AutorizacionComprobantesElectronicosWs.autorizacionComprobante(AutorizacionComprobantesElectronicosWs.java:86) - ProcessFileException javax.xml.ws.soap.SOAPFaultException: org.hibernate.exception.GenericJDBCException: Could not open connection
[2015-01-28 12:24:27,678] INFO 62016[main] - com.corvustec.digitaf.files.webservice.AutorizacionComprobantesElectronicosWs.autorizacionComprobante(AutorizacionComprobantesElectronicosWs.java:86) - ProcessFileException javax.xml.ws.soap.SOAPFaultException: org.hibernate.exception.GenericJDBCException: Could not open connection
[2015-01-28 12:28:41,545] INFO     0[main] - com.corvustec.digitaf.files.webservice.ComprobantesElectronicosWs.enviarComprobante(ComprobantesElectronicosWs.java:106) - Error al enviar el comprobante javax.xml.ws.soap.SOAPFaultException: org.hibernate.exception.GenericJDBCException: Could not open connection
[2015-01-28 12:28:41,937] INFO   392[main] - com.corvustec.digitaf.files.webservice.AutorizacionComprobantesElectronicosWs.webService(AutorizacionComprobantesElectronicosWs.java:53) - error WebServiceException javax.xml.ws.WebServiceException: Failed to access the WSDL at: https://cel.sri.gob.ec/comprobantes-electronicos-ws/AutorizacionComprobantes?wsdl. It failed with: 
	Got Server returned HTTP response code: 503 for URL: https://cel.sri.gob.ec/comprobantes-electronicos-ws/AutorizacionComprobantes?wsdl while opening stream from https://cel.sri.gob.ec/comprobantes-electronicos-ws/AutorizacionComprobantes?wsdl.
[2015-01-28 12:28:41,937] INFO   392[main] - com.corvustec.digitaf.files.webservice.AutorizacionComprobantesElectronicosWs.verificarConectividad(AutorizacionComprobantesElectronicosWs.java:70) - ProcessFileException com.corvustec.digitaf.files.commons.exception.CorvustecException: error WebServiceExceptionjavax.xml.ws.WebServiceException: Failed to access the WSDL at: https://cel.sri.gob.ec/comprobantes-electronicos-ws/AutorizacionComprobantes?wsdl. It failed with: 
	Got Server returned HTTP response code: 503 for URL: https://cel.sri.gob.ec/comprobantes-electronicos-ws/AutorizacionComprobantes?wsdl while opening stream from https://cel.sri.gob.ec/comprobantes-electronicos-ws/AutorizacionComprobantes?wsdl.
[2015-01-28 12:28:42,315] INFO   770[main] - com.corvustec.digitaf.files.webservice.AutorizacionComprobantesElectronicosWs.webService(AutorizacionComprobantesElectronicosWs.java:53) - error WebServiceException javax.xml.ws.WebServiceException: Failed to access the WSDL at: https://cel.sri.gob.ec/comprobantes-electronicos-ws/AutorizacionComprobantes?wsdl. It failed with: 
	Got Server returned HTTP response code: 503 for URL: https://cel.sri.gob.ec/comprobantes-electronicos-ws/AutorizacionComprobantes?wsdl while opening stream from https://cel.sri.gob.ec/comprobantes-electronicos-ws/AutorizacionComprobantes?wsdl.
[2015-01-28 12:28:42,316] INFO   771[main] - com.corvustec.digitaf.files.webservice.AutorizacionComprobantesElectronicosWs.verificarConectividad(AutorizacionComprobantesElectronicosWs.java:70) - ProcessFileException com.corvustec.digitaf.files.commons.exception.CorvustecException: error WebServiceExceptionjavax.xml.ws.WebServiceException: Failed to access the WSDL at: https://cel.sri.gob.ec/comprobantes-electronicos-ws/AutorizacionComprobantes?wsdl. It failed with: 
	Got Server returned HTTP response code: 503 for URL: https://cel.sri.gob.ec/comprobantes-electronicos-ws/AutorizacionComprobantes?wsdl while opening stream from https://cel.sri.gob.ec/comprobantes-electronicos-ws/AutorizacionComprobantes?wsdl.
[2015-01-30 17:11:48,826] INFO     0[main] - com.corvustec.digitaf.files.webservice.ComprobantesElectronicosWs.webService(ComprobantesElectronicosWs.java:75) - error WebServiceException javax.xml.ws.WebServiceException: Failed to access the WSDL at: https://cel.sri.gob.ec/comprobantes-electronicos-ws/RecepcionComprobantes?wsdl. It failed with: 
	Got https://cel.sri.gob.ec/comprobantes-electronicos-ws/RecepcionComprobantes?wsdl while opening stream from https://cel.sri.gob.ec/comprobantes-electronicos-ws/RecepcionComprobantes?wsdl.
[2015-01-30 17:11:48,838] INFO    12[main] - com.corvustec.digitaf.files.webservice.ComprobantesElectronicosWs.verificarConectividad(ComprobantesElectronicosWs.java:92) - ProcessFileException com.corvustec.digitaf.files.commons.exception.CorvustecException: error WebServiceExceptionjavax.xml.ws.WebServiceException: Failed to access the WSDL at: https://cel.sri.gob.ec/comprobantes-electronicos-ws/RecepcionComprobantes?wsdl. It failed with: 
	Got https://cel.sri.gob.ec/comprobantes-electronicos-ws/RecepcionComprobantes?wsdl while opening stream from https://cel.sri.gob.ec/comprobantes-electronicos-ws/RecepcionComprobantes?wsdl.
[2015-02-02 15:01:12,674] INFO     0[main] - com.corvustec.digitaf.files.webservice.ComprobantesElectronicosWs.enviarComprobante(ComprobantesElectronicosWs.java:106) - Error al enviar el comprobante javax.xml.ws.soap.SOAPFaultException: JBAS014516: Failed to acquire a permit within 5 SECONDS
[2015-02-02 15:05:41,123] INFO     0[main] - com.corvustec.digitaf.files.webservice.ComprobantesElectronicosWs.enviarComprobante(ComprobantesElectronicosWs.java:106) - Error al enviar el comprobante javax.xml.ws.soap.SOAPFaultException: JBAS014516: Failed to acquire a permit within 5 SECONDS
[2015-02-02 15:31:29,284] INFO     0[main] - com.corvustec.digitaf.files.webservice.ComprobantesElectronicosWs.enviarComprobante(ComprobantesElectronicosWs.java:106) - Error al enviar el comprobante javax.xml.ws.soap.SOAPFaultException: JBAS014516: Failed to acquire a permit within 5 SECONDS
[2015-02-02 15:57:42,020] INFO     0[main] - com.corvustec.digitaf.files.webservice.ComprobantesElectronicosWs.enviarComprobante(ComprobantesElectronicosWs.java:106) - Error al enviar el comprobante javax.xml.ws.soap.SOAPFaultException: JBAS014516: Failed to acquire a permit within 5 SECONDS
[2015-02-02 16:36:12,763] INFO     0[main] - com.corvustec.digitaf.files.webservice.ComprobantesElectronicosWs.enviarComprobante(ComprobantesElectronicosWs.java:106) - Error al enviar el comprobante javax.xml.ws.soap.SOAPFaultException: JBAS014516: Failed to acquire a permit within 5 SECONDS
[2015-02-02 17:14:25,273] INFO     0[main] - com.corvustec.digitaf.files.webservice.ComprobantesElectronicosWs.enviarComprobante(ComprobantesElectronicosWs.java:106) - Error al enviar el comprobante javax.xml.ws.soap.SOAPFaultException: JBAS014516: Failed to acquire a permit within 5 SECONDS
[2015-02-02 17:14:32,486] INFO     0[main] - com.corvustec.digitaf.files.webservice.ComprobantesElectronicosWs.enviarComprobante(ComprobantesElectronicosWs.java:106) - Error al enviar el comprobante javax.xml.ws.soap.SOAPFaultException: JBAS014516: Failed to acquire a permit within 5 SECONDS
[2015-02-02 17:14:39,809] INFO     0[main] - com.corvustec.digitaf.files.webservice.ComprobantesElectronicosWs.enviarComprobante(ComprobantesElectronicosWs.java:106) - Error al enviar el comprobante javax.xml.ws.soap.SOAPFaultException: JBAS014516: Failed to acquire a permit within 5 SECONDS
[2015-02-02 17:15:15,440] INFO     1[main] - com.corvustec.digitaf.files.webservice.ComprobantesElectronicosWs.enviarComprobante(ComprobantesElectronicosWs.java:106) - Error al enviar el comprobante javax.xml.ws.soap.SOAPFaultException: JBAS014516: Failed to acquire a permit within 5 SECONDS
[2015-02-02 17:16:15,040] INFO     0[main] - com.corvustec.digitaf.files.webservice.ComprobantesElectronicosWs.enviarComprobante(ComprobantesElectronicosWs.java:106) - Error al enviar el comprobante javax.xml.ws.soap.SOAPFaultException: JBAS014516: Failed to acquire a permit within 5 SECONDS
[2015-02-02 17:21:08,711] INFO     0[main] - com.corvustec.digitaf.files.webservice.ComprobantesElectronicosWs.enviarComprobante(ComprobantesElectronicosWs.java:106) - Error al enviar el comprobante javax.xml.ws.soap.SOAPFaultException: JBAS014516: Failed to acquire a permit within 5 SECONDS
[2015-02-02 17:21:16,134] INFO     0[main] - com.corvustec.digitaf.files.webservice.ComprobantesElectronicosWs.enviarComprobante(ComprobantesElectronicosWs.java:106) - Error al enviar el comprobante javax.xml.ws.soap.SOAPFaultException: JBAS014516: Failed to acquire a permit within 5 SECONDS
[2015-02-02 17:22:22,263] INFO     0[main] - com.corvustec.digitaf.files.webservice.ComprobantesElectronicosWs.enviarComprobante(ComprobantesElectronicosWs.java:106) - Error al enviar el comprobante javax.xml.ws.soap.SOAPFaultException: JBAS014516: Failed to acquire a permit within 5 SECONDS
[2015-02-02 17:25:40,485] INFO     0[main] - com.corvustec.digitaf.files.webservice.ComprobantesElectronicosWs.enviarComprobante(ComprobantesElectronicosWs.java:106) - Error al enviar el comprobante javax.xml.ws.soap.SOAPFaultException: JBAS014516: Failed to acquire a permit within 5 SECONDS
[2015-02-02 17:27:04,362] INFO     0[main] - com.corvustec.digitaf.files.webservice.ComprobantesElectronicosWs.enviarComprobante(ComprobantesElectronicosWs.java:106) - Error al enviar el comprobante javax.xml.ws.soap.SOAPFaultException: JBAS014516: Failed to acquire a permit within 5 SECONDS
[2015-02-02 17:27:08,396] INFO  4034[main] - com.corvustec.digitaf.files.webservice.AutorizacionComprobantesElectronicosWs.webService(AutorizacionComprobantesElectronicosWs.java:53) - error WebServiceException javax.xml.ws.WebServiceException: Failed to access the WSDL at: https://cel.sri.gob.ec/comprobantes-electronicos-ws/AutorizacionComprobantes?wsdl. It failed with: 
	Got Connection reset while opening stream from https://cel.sri.gob.ec/comprobantes-electronicos-ws/AutorizacionComprobantes?wsdl.
[2015-02-02 17:27:08,396] INFO  4034[main] - com.corvustec.digitaf.files.webservice.AutorizacionComprobantesElectronicosWs.verificarConectividad(AutorizacionComprobantesElectronicosWs.java:70) - ProcessFileException com.corvustec.digitaf.files.commons.exception.CorvustecException: error WebServiceExceptionjavax.xml.ws.WebServiceException: Failed to access the WSDL at: https://cel.sri.gob.ec/comprobantes-electronicos-ws/AutorizacionComprobantes?wsdl. It failed with: 
	Got Connection reset while opening stream from https://cel.sri.gob.ec/comprobantes-electronicos-ws/AutorizacionComprobantes?wsdl.
[2015-02-02 17:30:24,745] INFO     0[main] - com.corvustec.digitaf.files.webservice.ComprobantesElectronicosWs.enviarComprobante(ComprobantesElectronicosWs.java:106) - Error al enviar el comprobante javax.xml.ws.soap.SOAPFaultException: JBAS014516: Failed to acquire a permit within 5 SECONDS
[2015-02-02 17:38:42,277] INFO     0[main] - com.corvustec.digitaf.files.webservice.ComprobantesElectronicosWs.enviarComprobante(ComprobantesElectronicosWs.java:106) - Error al enviar el comprobante javax.xml.ws.soap.SOAPFaultException: JBAS014516: Failed to acquire a permit within 5 SECONDS
[2015-02-02 17:41:48,945] INFO     0[main] - com.corvustec.digitaf.files.webservice.ComprobantesElectronicosWs.enviarComprobante(ComprobantesElectronicosWs.java:106) - Error al enviar el comprobante javax.xml.ws.soap.SOAPFaultException: JBAS014516: Failed to acquire a permit within 5 SECONDS
[2015-02-02 18:34:26,594] INFO     0[main] - com.corvustec.digitaf.files.commons.util.ApplicationUtil.getDocument2(ApplicationUtil.java:417) - org.xml.sax.SAXParseException; lineNumber: 1; columnNumber: 1; Premature end of file.
[2015-02-02 18:47:24,538] INFO     0[main] - com.corvustec.digitaf.files.commons.util.ApplicationUtil.getDocument2(ApplicationUtil.java:417) - org.xml.sax.SAXParseException; lineNumber: 1; columnNumber: 1; Premature end of file.
[2015-02-02 18:48:22,073] INFO     0[main] - com.corvustec.digitaf.files.commons.util.ApplicationUtil.getDocument2(ApplicationUtil.java:417) - org.xml.sax.SAXParseException; lineNumber: 1; columnNumber: 1; Premature end of file.
[2015-02-02 18:49:17,628] INFO     0[main] - com.corvustec.digitaf.files.commons.util.ApplicationUtil.getDocument2(ApplicationUtil.java:417) - org.xml.sax.SAXParseException; lineNumber: 1; columnNumber: 1; Premature end of file.
[2015-02-02 20:52:56,158] INFO     0[main] - com.corvustec.digitaf.files.commons.util.ApplicationUtil.getDocument2(ApplicationUtil.java:417) - org.xml.sax.SAXParseException; lineNumber: 1; columnNumber: 1; Premature end of file.
[2015-02-03 03:29:35,563] INFO453286[main] - com.corvustec.digitaf.files.webservice.AutorizacionComprobantesElectronicosWs.autorizacionComprobante(AutorizacionComprobantesElectronicosWs.java:86) - ProcessFileException javax.xml.ws.soap.SOAPFaultException: org.hibernate.exception.GenericJDBCException: Could not open connection
[2015-02-03 03:29:35,596] INFO950851[main] - com.corvustec.digitaf.files.webservice.AutorizacionComprobantesElectronicosWs.autorizacionComprobante(AutorizacionComprobantesElectronicosWs.java:86) - ProcessFileException javax.xml.ws.soap.SOAPFaultException: org.hibernate.exception.GenericJDBCException: Could not open connection
[2015-02-03 08:12:54,783] INFO     1[main] - com.corvustec.digitaf.files.webservice.ComprobantesElectronicosWs.enviarComprobante(ComprobantesElectronicosWs.java:106) - Error al enviar el comprobante javax.xml.ws.soap.SOAPFaultException: org.hibernate.exception.GenericJDBCException: error executing work
[2015-02-03 08:18:27,435] INFO332653[main] - com.corvustec.digitaf.files.webservice.AutorizacionComprobantesElectronicosWs.autorizacionComprobante(AutorizacionComprobantesElectronicosWs.java:86) - ProcessFileException javax.xml.ws.soap.SOAPFaultException: org.hibernate.exception.GenericJDBCException: Could not open connection
[2015-02-03 08:18:53,836] INFO791573[main] - com.corvustec.digitaf.files.webservice.AutorizacionComprobantesElectronicosWs.autorizacionComprobante(AutorizacionComprobantesElectronicosWs.java:86) - ProcessFileException javax.xml.ws.soap.SOAPFaultException: org.hibernate.exception.GenericJDBCException: Could not open connection
[2015-02-03 08:26:20,012] INFO     0[main] - com.corvustec.digitaf.files.commons.util.ApplicationUtil.getDocument2(ApplicationUtil.java:417) - org.xml.sax.SAXParseException; lineNumber: 1; columnNumber: 1; Premature end of file.
[2015-02-03 12:36:03,949] INFO     0[main] - com.corvustec.digitaf.files.commons.util.ApplicationUtil.getDocument2(ApplicationUtil.java:417) - org.xml.sax.SAXParseException; lineNumber: 1; columnNumber: 1; Premature end of file.
[2015-02-03 18:08:20,181] INFO     0[main] - com.corvustec.digitaf.files.webservice.ComprobantesElectronicosWs.enviarComprobante(ComprobantesElectronicosWs.java:106) - Error al enviar el comprobante javax.xml.ws.soap.SOAPFaultException: JBAS014516: Failed to acquire a permit within 5 SECONDS
[2015-02-03 19:56:25,109] INFO     0[main] - com.corvustec.digitaf.files.webservice.ComprobantesElectronicosWs.webService(ComprobantesElectronicosWs.java:75) - error WebServiceException javax.xml.ws.WebServiceException: Failed to access the WSDL at: https://cel.sri.gob.ec/comprobantes-electronicos-ws/RecepcionComprobantes?wsdl. It failed with: 
	Got Server returned HTTP response code: 503 for URL: https://cel.sri.gob.ec/comprobantes-electronicos-ws/RecepcionComprobantes?wsdl while opening stream from https://cel.sri.gob.ec/comprobantes-electronicos-ws/RecepcionComprobantes?wsdl.
[2015-02-03 19:56:25,112] INFO     3[main] - com.corvustec.digitaf.files.webservice.ComprobantesElectronicosWs.verificarConectividad(ComprobantesElectronicosWs.java:92) - ProcessFileException com.corvustec.digitaf.files.commons.exception.CorvustecException: error WebServiceExceptionjavax.xml.ws.WebServiceException: Failed to access the WSDL at: https://cel.sri.gob.ec/comprobantes-electronicos-ws/RecepcionComprobantes?wsdl. It failed with: 
	Got Server returned HTTP response code: 503 for URL: https://cel.sri.gob.ec/comprobantes-electronicos-ws/RecepcionComprobantes?wsdl while opening stream from https://cel.sri.gob.ec/comprobantes-electronicos-ws/RecepcionComprobantes?wsdl.
[2015-02-04 15:39:18,642] INFO     0[main] - com.corvustec.digitaf.files.webservice.ComprobantesElectronicosWs.webService(ComprobantesElectronicosWs.java:75) - error WebServiceException javax.xml.ws.WebServiceException: Failed to access the WSDL at: https://cel.sri.gob.ec/comprobantes-electronicos-ws/RecepcionComprobantes?wsdl. It failed with: 
	Got Connection reset while opening stream from https://cel.sri.gob.ec/comprobantes-electronicos-ws/RecepcionComprobantes?wsdl.
[2015-02-04 15:39:18,664] INFO    22[main] - com.corvustec.digitaf.files.webservice.ComprobantesElectronicosWs.verificarConectividad(ComprobantesElectronicosWs.java:92) - ProcessFileException com.corvustec.digitaf.files.commons.exception.CorvustecException: error WebServiceExceptionjavax.xml.ws.WebServiceException: Failed to access the WSDL at: https://cel.sri.gob.ec/comprobantes-electronicos-ws/RecepcionComprobantes?wsdl. It failed with: 
	Got Connection reset while opening stream from https://cel.sri.gob.ec/comprobantes-electronicos-ws/RecepcionComprobantes?wsdl.
[2015-02-04 15:44:11,171] INFO     0[main] - com.corvustec.digitaf.files.webservice.ComprobantesElectronicosWs.webService(ComprobantesElectronicosWs.java:75) - error WebServiceException javax.xml.ws.WebServiceException: Failed to access the WSDL at: https://cel.sri.gob.ec/comprobantes-electronicos-ws/RecepcionComprobantes?wsdl. It failed with: 
	Got Connection reset while opening stream from https://cel.sri.gob.ec/comprobantes-electronicos-ws/RecepcionComprobantes?wsdl.
[2015-02-04 15:44:11,174] INFO     3[main] - com.corvustec.digitaf.files.webservice.ComprobantesElectronicosWs.verificarConectividad(ComprobantesElectronicosWs.java:92) - ProcessFileException com.corvustec.digitaf.files.commons.exception.CorvustecException: error WebServiceExceptionjavax.xml.ws.WebServiceException: Failed to access the WSDL at: https://cel.sri.gob.ec/comprobantes-electronicos-ws/RecepcionComprobantes?wsdl. It failed with: 
	Got Connection reset while opening stream from https://cel.sri.gob.ec/comprobantes-electronicos-ws/RecepcionComprobantes?wsdl.
[2015-02-04 15:50:26,368] INFO     0[main] - com.corvustec.digitaf.files.webservice.ComprobantesElectronicosWs.webService(ComprobantesElectronicosWs.java:75) - error WebServiceException javax.xml.ws.WebServiceException: Failed to access the WSDL at: https://cel.sri.gob.ec/comprobantes-electronicos-ws/RecepcionComprobantes?wsdl. It failed with: 
	Got Connection reset while opening stream from https://cel.sri.gob.ec/comprobantes-electronicos-ws/RecepcionComprobantes?wsdl.
[2015-02-04 15:50:26,371] INFO     3[main] - com.corvustec.digitaf.files.webservice.ComprobantesElectronicosWs.verificarConectividad(ComprobantesElectronicosWs.java:92) - ProcessFileException com.corvustec.digitaf.files.commons.exception.CorvustecException: error WebServiceExceptionjavax.xml.ws.WebServiceException: Failed to access the WSDL at: https://cel.sri.gob.ec/comprobantes-electronicos-ws/RecepcionComprobantes?wsdl. It failed with: 
	Got Connection reset while opening stream from https://cel.sri.gob.ec/comprobantes-electronicos-ws/RecepcionComprobantes?wsdl.
[2015-02-04 15:55:29,419] INFO     0[main] - com.corvustec.digitaf.files.webservice.ComprobantesElectronicosWs.webService(ComprobantesElectronicosWs.java:75) - error WebServiceException javax.xml.ws.WebServiceException: Failed to access the WSDL at: https://cel.sri.gob.ec/comprobantes-electronicos-ws/RecepcionComprobantes?wsdl. It failed with: 
	Got Connection reset while opening stream from https://cel.sri.gob.ec/comprobantes-electronicos-ws/RecepcionComprobantes?wsdl.
[2015-02-04 15:55:29,422] INFO     3[main] - com.corvustec.digitaf.files.webservice.ComprobantesElectronicosWs.verificarConectividad(ComprobantesElectronicosWs.java:92) - ProcessFileException com.corvustec.digitaf.files.commons.exception.CorvustecException: error WebServiceExceptionjavax.xml.ws.WebServiceException: Failed to access the WSDL at: https://cel.sri.gob.ec/comprobantes-electronicos-ws/RecepcionComprobantes?wsdl. It failed with: 
	Got Connection reset while opening stream from https://cel.sri.gob.ec/comprobantes-electronicos-ws/RecepcionComprobantes?wsdl.
[2015-02-04 15:56:03,810] INFO     0[main] - com.corvustec.digitaf.files.webservice.ComprobantesElectronicosWs.webService(ComprobantesElectronicosWs.java:75) - error WebServiceException javax.xml.ws.WebServiceException: Failed to access the WSDL at: https://cel.sri.gob.ec/comprobantes-electronicos-ws/RecepcionComprobantes?wsdl. It failed with: 
	Got Connection reset while opening stream from https://cel.sri.gob.ec/comprobantes-electronicos-ws/RecepcionComprobantes?wsdl.
[2015-02-04 15:56:03,812] INFO     2[main] - com.corvustec.digitaf.files.webservice.ComprobantesElectronicosWs.verificarConectividad(ComprobantesElectronicosWs.java:92) - ProcessFileException com.corvustec.digitaf.files.commons.exception.CorvustecException: error WebServiceExceptionjavax.xml.ws.WebServiceException: Failed to access the WSDL at: https://cel.sri.gob.ec/comprobantes-electronicos-ws/RecepcionComprobantes?wsdl. It failed with: 
	Got Connection reset while opening stream from https://cel.sri.gob.ec/comprobantes-electronicos-ws/RecepcionComprobantes?wsdl.
[2015-02-04 16:08:07,573] INFO     0[main] - com.corvustec.digitaf.files.webservice.ComprobantesElectronicosWs.webService(ComprobantesElectronicosWs.java:75) - error WebServiceException javax.xml.ws.WebServiceException: Failed to access the WSDL at: https://cel.sri.gob.ec/comprobantes-electronicos-ws/RecepcionComprobantes?wsdl. It failed with: 
	Got Connection reset while opening stream from https://cel.sri.gob.ec/comprobantes-electronicos-ws/RecepcionComprobantes?wsdl.
[2015-02-04 16:08:07,576] INFO     3[main] - com.corvustec.digitaf.files.webservice.ComprobantesElectronicosWs.verificarConectividad(ComprobantesElectronicosWs.java:92) - ProcessFileException com.corvustec.digitaf.files.commons.exception.CorvustecException: error WebServiceExceptionjavax.xml.ws.WebServiceException: Failed to access the WSDL at: https://cel.sri.gob.ec/comprobantes-electronicos-ws/RecepcionComprobantes?wsdl. It failed with: 
	Got Connection reset while opening stream from https://cel.sri.gob.ec/comprobantes-electronicos-ws/RecepcionComprobantes?wsdl.
[2015-02-04 16:17:06,871] INFO     1[main] - com.corvustec.digitaf.files.webservice.ComprobantesElectronicosWs.webService(ComprobantesElectronicosWs.java:75) - error WebServiceException javax.xml.ws.WebServiceException: Failed to access the WSDL at: https://cel.sri.gob.ec/comprobantes-electronicos-ws/RecepcionComprobantes?wsdl. It failed with: 
	Got Server returned HTTP response code: 503 for URL: https://cel.sri.gob.ec/comprobantes-electronicos-ws/RecepcionComprobantes?wsdl while opening stream from https://cel.sri.gob.ec/comprobantes-electronicos-ws/RecepcionComprobantes?wsdl.
[2015-02-04 16:17:06,873] INFO     3[main] - com.corvustec.digitaf.files.webservice.ComprobantesElectronicosWs.verificarConectividad(ComprobantesElectronicosWs.java:92) - ProcessFileException com.corvustec.digitaf.files.commons.exception.CorvustecException: error WebServiceExceptionjavax.xml.ws.WebServiceException: Failed to access the WSDL at: https://cel.sri.gob.ec/comprobantes-electronicos-ws/RecepcionComprobantes?wsdl. It failed with: 
	Got Server returned HTTP response code: 503 for URL: https://cel.sri.gob.ec/comprobantes-electronicos-ws/RecepcionComprobantes?wsdl while opening stream from https://cel.sri.gob.ec/comprobantes-electronicos-ws/RecepcionComprobantes?wsdl.
[2015-02-04 16:19:30,248] INFO     0[main] - com.corvustec.digitaf.files.webservice.ComprobantesElectronicosWs.webService(ComprobantesElectronicosWs.java:75) - error WebServiceException javax.xml.ws.WebServiceException: Failed to access the WSDL at: https://cel.sri.gob.ec/comprobantes-electronicos-ws/RecepcionComprobantes?wsdl. It failed with: 
	Got Server returned HTTP response code: 503 for URL: https://cel.sri.gob.ec/comprobantes-electronicos-ws/RecepcionComprobantes?wsdl while opening stream from https://cel.sri.gob.ec/comprobantes-electronicos-ws/RecepcionComprobantes?wsdl.
[2015-02-04 16:19:30,251] INFO     3[main] - com.corvustec.digitaf.files.webservice.ComprobantesElectronicosWs.verificarConectividad(ComprobantesElectronicosWs.java:92) - ProcessFileException com.corvustec.digitaf.files.commons.exception.CorvustecException: error WebServiceExceptionjavax.xml.ws.WebServiceException: Failed to access the WSDL at: https://cel.sri.gob.ec/comprobantes-electronicos-ws/RecepcionComprobantes?wsdl. It failed with: 
	Got Server returned HTTP response code: 503 for URL: https://cel.sri.gob.ec/comprobantes-electronicos-ws/RecepcionComprobantes?wsdl while opening stream from https://cel.sri.gob.ec/comprobantes-electronicos-ws/RecepcionComprobantes?wsdl.
[2015-02-04 16:20:10,896] INFO 40648[main] - com.corvustec.digitaf.files.webservice.AutorizacionComprobantesElectronicosWs.webService(AutorizacionComprobantesElectronicosWs.java:53) - error WebServiceException javax.xml.ws.WebServiceException: Failed to access the WSDL at: https://cel.sri.gob.ec/comprobantes-electronicos-ws/AutorizacionComprobantes?wsdl. It failed with: 
	Got Server returned HTTP response code: 503 for URL: https://cel.sri.gob.ec/comprobantes-electronicos-ws/AutorizacionComprobantes?wsdl while opening stream from https://cel.sri.gob.ec/comprobantes-electronicos-ws/AutorizacionComprobantes?wsdl.
[2015-02-04 16:20:10,897] INFO 40649[main] - com.corvustec.digitaf.files.webservice.AutorizacionComprobantesElectronicosWs.verificarConectividad(AutorizacionComprobantesElectronicosWs.java:70) - ProcessFileException com.corvustec.digitaf.files.commons.exception.CorvustecException: error WebServiceExceptionjavax.xml.ws.WebServiceException: Failed to access the WSDL at: https://cel.sri.gob.ec/comprobantes-electronicos-ws/AutorizacionComprobantes?wsdl. It failed with: 
	Got Server returned HTTP response code: 503 for URL: https://cel.sri.gob.ec/comprobantes-electronicos-ws/AutorizacionComprobantes?wsdl while opening stream from https://cel.sri.gob.ec/comprobantes-electronicos-ws/AutorizacionComprobantes?wsdl.
[2015-02-04 16:20:51,360] INFO 81112[main] - com.corvustec.digitaf.files.webservice.AutorizacionComprobantesElectronicosWs.webService(AutorizacionComprobantesElectronicosWs.java:53) - error WebServiceException javax.xml.ws.WebServiceException: Failed to access the WSDL at: https://cel.sri.gob.ec/comprobantes-electronicos-ws/AutorizacionComprobantes?wsdl. It failed with: 
	Got Server returned HTTP response code: 503 for URL: https://cel.sri.gob.ec/comprobantes-electronicos-ws/AutorizacionComprobantes?wsdl while opening stream from https://cel.sri.gob.ec/comprobantes-electronicos-ws/AutorizacionComprobantes?wsdl.
[2015-02-04 16:20:51,360] INFO 81112[main] - com.corvustec.digitaf.files.webservice.AutorizacionComprobantesElectronicosWs.verificarConectividad(AutorizacionComprobantesElectronicosWs.java:70) - ProcessFileException com.corvustec.digitaf.files.commons.exception.CorvustecException: error WebServiceExceptionjavax.xml.ws.WebServiceException: Failed to access the WSDL at: https://cel.sri.gob.ec/comprobantes-electronicos-ws/AutorizacionComprobantes?wsdl. It failed with: 
	Got Server returned HTTP response code: 503 for URL: https://cel.sri.gob.ec/comprobantes-electronicos-ws/AutorizacionComprobantes?wsdl while opening stream from https://cel.sri.gob.ec/comprobantes-electronicos-ws/AutorizacionComprobantes?wsdl.
[2015-02-04 16:24:09,313] INFO     0[main] - com.corvustec.digitaf.files.webservice.ComprobantesElectronicosWs.webService(ComprobantesElectronicosWs.java:75) - error WebServiceException javax.xml.ws.WebServiceException: Failed to access the WSDL at: https://cel.sri.gob.ec/comprobantes-electronicos-ws/RecepcionComprobantes?wsdl. It failed with: 
	Got Server returned HTTP response code: 503 for URL: https://cel.sri.gob.ec/comprobantes-electronicos-ws/RecepcionComprobantes?wsdl while opening stream from https://cel.sri.gob.ec/comprobantes-electronicos-ws/RecepcionComprobantes?wsdl.
[2015-02-04 16:24:09,315] INFO     2[main] - com.corvustec.digitaf.files.webservice.ComprobantesElectronicosWs.verificarConectividad(ComprobantesElectronicosWs.java:92) - ProcessFileException com.corvustec.digitaf.files.commons.exception.CorvustecException: error WebServiceExceptionjavax.xml.ws.WebServiceException: Failed to access the WSDL at: https://cel.sri.gob.ec/comprobantes-electronicos-ws/RecepcionComprobantes?wsdl. It failed with: 
	Got Server returned HTTP response code: 503 for URL: https://cel.sri.gob.ec/comprobantes-electronicos-ws/RecepcionComprobantes?wsdl while opening stream from https://cel.sri.gob.ec/comprobantes-electronicos-ws/RecepcionComprobantes?wsdl.
[2015-02-04 16:24:29,742] INFO 20429[main] - com.corvustec.digitaf.files.webservice.AutorizacionComprobantesElectronicosWs.webService(AutorizacionComprobantesElectronicosWs.java:53) - error WebServiceException javax.xml.ws.WebServiceException: Failed to access the WSDL at: https://cel.sri.gob.ec/comprobantes-electronicos-ws/AutorizacionComprobantes?wsdl. It failed with: 
	Got Server returned HTTP response code: 503 for URL: https://cel.sri.gob.ec/comprobantes-electronicos-ws/AutorizacionComprobantes?wsdl while opening stream from https://cel.sri.gob.ec/comprobantes-electronicos-ws/AutorizacionComprobantes?wsdl.
[2015-02-04 16:24:29,742] INFO 20429[main] - com.corvustec.digitaf.files.webservice.AutorizacionComprobantesElectronicosWs.verificarConectividad(AutorizacionComprobantesElectronicosWs.java:70) - ProcessFileException com.corvustec.digitaf.files.commons.exception.CorvustecException: error WebServiceExceptionjavax.xml.ws.WebServiceException: Failed to access the WSDL at: https://cel.sri.gob.ec/comprobantes-electronicos-ws/AutorizacionComprobantes?wsdl. It failed with: 
	Got Server returned HTTP response code: 503 for URL: https://cel.sri.gob.ec/comprobantes-electronicos-ws/AutorizacionComprobantes?wsdl while opening stream from https://cel.sri.gob.ec/comprobantes-electronicos-ws/AutorizacionComprobantes?wsdl.
[2015-02-04 16:35:06,257] INFO     0[main] - com.corvustec.digitaf.files.webservice.ComprobantesElectronicosWs.webService(ComprobantesElectronicosWs.java:75) - error WebServiceException javax.xml.ws.WebServiceException: Failed to access the WSDL at: https://cel.sri.gob.ec/comprobantes-electronicos-ws/RecepcionComprobantes?wsdl. It failed with: 
	Got Server returned HTTP response code: 503 for URL: https://cel.sri.gob.ec/comprobantes-electronicos-ws/RecepcionComprobantes?wsdl while opening stream from https://cel.sri.gob.ec/comprobantes-electronicos-ws/RecepcionComprobantes?wsdl.
[2015-02-04 16:35:06,260] INFO     3[main] - com.corvustec.digitaf.files.webservice.ComprobantesElectronicosWs.verificarConectividad(ComprobantesElectronicosWs.java:92) - ProcessFileException com.corvustec.digitaf.files.commons.exception.CorvustecException: error WebServiceExceptionjavax.xml.ws.WebServiceException: Failed to access the WSDL at: https://cel.sri.gob.ec/comprobantes-electronicos-ws/RecepcionComprobantes?wsdl. It failed with: 
	Got Server returned HTTP response code: 503 for URL: https://cel.sri.gob.ec/comprobantes-electronicos-ws/RecepcionComprobantes?wsdl while opening stream from https://cel.sri.gob.ec/comprobantes-electronicos-ws/RecepcionComprobantes?wsdl.
[2015-02-04 16:39:40,265] INFO     0[main] - com.corvustec.digitaf.files.webservice.ComprobantesElectronicosWs.webService(ComprobantesElectronicosWs.java:75) - error WebServiceException javax.xml.ws.WebServiceException: Failed to access the WSDL at: https://cel.sri.gob.ec/comprobantes-electronicos-ws/RecepcionComprobantes?wsdl. It failed with: 
	Got Server returned HTTP response code: 503 for URL: https://cel.sri.gob.ec/comprobantes-electronicos-ws/RecepcionComprobantes?wsdl while opening stream from https://cel.sri.gob.ec/comprobantes-electronicos-ws/RecepcionComprobantes?wsdl.
[2015-02-04 16:39:40,268] INFO     3[main] - com.corvustec.digitaf.files.webservice.ComprobantesElectronicosWs.verificarConectividad(ComprobantesElectronicosWs.java:92) - ProcessFileException com.corvustec.digitaf.files.commons.exception.CorvustecException: error WebServiceExceptionjavax.xml.ws.WebServiceException: Failed to access the WSDL at: https://cel.sri.gob.ec/comprobantes-electronicos-ws/RecepcionComprobantes?wsdl. It failed with: 
	Got Server returned HTTP response code: 503 for URL: https://cel.sri.gob.ec/comprobantes-electronicos-ws/RecepcionComprobantes?wsdl while opening stream from https://cel.sri.gob.ec/comprobantes-electronicos-ws/RecepcionComprobantes?wsdl.
[2015-02-04 16:39:40,389] INFO   124[main] - com.corvustec.digitaf.files.webservice.AutorizacionComprobantesElectronicosWs.webService(AutorizacionComprobantesElectronicosWs.java:53) - error WebServiceException javax.xml.ws.WebServiceException: Failed to access the WSDL at: https://cel.sri.gob.ec/comprobantes-electronicos-ws/AutorizacionComprobantes?wsdl. It failed with: 
	Got Connection reset while opening stream from https://cel.sri.gob.ec/comprobantes-electronicos-ws/AutorizacionComprobantes?wsdl.
[2015-02-04 16:39:40,389] INFO   124[main] - com.corvustec.digitaf.files.webservice.AutorizacionComprobantesElectronicosWs.verificarConectividad(AutorizacionComprobantesElectronicosWs.java:70) - ProcessFileException com.corvustec.digitaf.files.commons.exception.CorvustecException: error WebServiceExceptionjavax.xml.ws.WebServiceException: Failed to access the WSDL at: https://cel.sri.gob.ec/comprobantes-electronicos-ws/AutorizacionComprobantes?wsdl. It failed with: 
	Got Connection reset while opening stream from https://cel.sri.gob.ec/comprobantes-electronicos-ws/AutorizacionComprobantes?wsdl.
[2015-02-04 16:42:04,459] INFO     0[main] - com.corvustec.digitaf.files.webservice.ComprobantesElectronicosWs.webService(ComprobantesElectronicosWs.java:75) - error WebServiceException javax.xml.ws.WebServiceException: Failed to access the WSDL at: https://cel.sri.gob.ec/comprobantes-electronicos-ws/RecepcionComprobantes?wsdl. It failed with: 
	Got Server returned HTTP response code: 503 for URL: https://cel.sri.gob.ec/comprobantes-electronicos-ws/RecepcionComprobantes?wsdl while opening stream from https://cel.sri.gob.ec/comprobantes-electronicos-ws/RecepcionComprobantes?wsdl.
[2015-02-04 16:42:04,462] INFO     3[main] - com.corvustec.digitaf.files.webservice.ComprobantesElectronicosWs.verificarConectividad(ComprobantesElectronicosWs.java:92) - ProcessFileException com.corvustec.digitaf.files.commons.exception.CorvustecException: error WebServiceExceptionjavax.xml.ws.WebServiceException: Failed to access the WSDL at: https://cel.sri.gob.ec/comprobantes-electronicos-ws/RecepcionComprobantes?wsdl. It failed with: 
	Got Server returned HTTP response code: 503 for URL: https://cel.sri.gob.ec/comprobantes-electronicos-ws/RecepcionComprobantes?wsdl while opening stream from https://cel.sri.gob.ec/comprobantes-electronicos-ws/RecepcionComprobantes?wsdl.
[2015-02-04 16:42:44,885] INFO 40426[main] - com.corvustec.digitaf.files.webservice.AutorizacionComprobantesElectronicosWs.webService(AutorizacionComprobantesElectronicosWs.java:53) - error WebServiceException javax.xml.ws.WebServiceException: Failed to access the WSDL at: https://cel.sri.gob.ec/comprobantes-electronicos-ws/AutorizacionComprobantes?wsdl. It failed with: 
	Got Server returned HTTP response code: 503 for URL: https://cel.sri.gob.ec/comprobantes-electronicos-ws/AutorizacionComprobantes?wsdl while opening stream from https://cel.sri.gob.ec/comprobantes-electronicos-ws/AutorizacionComprobantes?wsdl.
[2015-02-04 16:42:44,885] INFO 40426[main] - com.corvustec.digitaf.files.webservice.AutorizacionComprobantesElectronicosWs.verificarConectividad(AutorizacionComprobantesElectronicosWs.java:70) - ProcessFileException com.corvustec.digitaf.files.commons.exception.CorvustecException: error WebServiceExceptionjavax.xml.ws.WebServiceException: Failed to access the WSDL at: https://cel.sri.gob.ec/comprobantes-electronicos-ws/AutorizacionComprobantes?wsdl. It failed with: 
	Got Server returned HTTP response code: 503 for URL: https://cel.sri.gob.ec/comprobantes-electronicos-ws/AutorizacionComprobantes?wsdl while opening stream from https://cel.sri.gob.ec/comprobantes-electronicos-ws/AutorizacionComprobantes?wsdl.
[2015-02-04 16:43:25,302] INFO 80843[main] - com.corvustec.digitaf.files.webservice.AutorizacionComprobantesElectronicosWs.webService(AutorizacionComprobantesElectronicosWs.java:53) - error WebServiceException javax.xml.ws.WebServiceException: Failed to access the WSDL at: https://cel.sri.gob.ec/comprobantes-electronicos-ws/AutorizacionComprobantes?wsdl. It failed with: 
	Got Server returned HTTP response code: 503 for URL: https://cel.sri.gob.ec/comprobantes-electronicos-ws/AutorizacionComprobantes?wsdl while opening stream from https://cel.sri.gob.ec/comprobantes-electronicos-ws/AutorizacionComprobantes?wsdl.
[2015-02-04 16:43:25,302] INFO 80843[main] - com.corvustec.digitaf.files.webservice.AutorizacionComprobantesElectronicosWs.verificarConectividad(AutorizacionComprobantesElectronicosWs.java:70) - ProcessFileException com.corvustec.digitaf.files.commons.exception.CorvustecException: error WebServiceExceptionjavax.xml.ws.WebServiceException: Failed to access the WSDL at: https://cel.sri.gob.ec/comprobantes-electronicos-ws/AutorizacionComprobantes?wsdl. It failed with: 
	Got Server returned HTTP response code: 503 for URL: https://cel.sri.gob.ec/comprobantes-electronicos-ws/AutorizacionComprobantes?wsdl while opening stream from https://cel.sri.gob.ec/comprobantes-electronicos-ws/AutorizacionComprobantes?wsdl.
[2015-02-05 10:11:01,438] INFO     0[main] - com.corvustec.digitaf.files.webservice.ComprobantesElectronicosWs.webService(ComprobantesElectronicosWs.java:75) - error WebServiceException javax.xml.ws.WebServiceException: Failed to access the WSDL at: https://cel.sri.gob.ec/comprobantes-electronicos-ws/RecepcionComprobantes?wsdl. It failed with: 
	Got Connection reset while opening stream from https://cel.sri.gob.ec/comprobantes-electronicos-ws/RecepcionComprobantes?wsdl.
[2015-02-05 10:11:01,446] INFO     8[main] - com.corvustec.digitaf.files.webservice.ComprobantesElectronicosWs.verificarConectividad(ComprobantesElectronicosWs.java:92) - ProcessFileException com.corvustec.digitaf.files.commons.exception.CorvustecException: error WebServiceExceptionjavax.xml.ws.WebServiceException: Failed to access the WSDL at: https://cel.sri.gob.ec/comprobantes-electronicos-ws/RecepcionComprobantes?wsdl. It failed with: 
	Got Connection reset while opening stream from https://cel.sri.gob.ec/comprobantes-electronicos-ws/RecepcionComprobantes?wsdl.
[2015-02-05 10:11:01,638] INFO   200[main] - com.corvustec.digitaf.files.webservice.AutorizacionComprobantesElectronicosWs.webService(AutorizacionComprobantesElectronicosWs.java:53) - error WebServiceException javax.xml.ws.WebServiceException: Failed to access the WSDL at: https://cel.sri.gob.ec/comprobantes-electronicos-ws/AutorizacionComprobantes?wsdl. It failed with: 
	Got Connection reset while opening stream from https://cel.sri.gob.ec/comprobantes-electronicos-ws/AutorizacionComprobantes?wsdl.
[2015-02-05 10:11:01,638] INFO   200[main] - com.corvustec.digitaf.files.webservice.AutorizacionComprobantesElectronicosWs.verificarConectividad(AutorizacionComprobantesElectronicosWs.java:70) - ProcessFileException com.corvustec.digitaf.files.commons.exception.CorvustecException: error WebServiceExceptionjavax.xml.ws.WebServiceException: Failed to access the WSDL at: https://cel.sri.gob.ec/comprobantes-electronicos-ws/AutorizacionComprobantes?wsdl. It failed with: 
	Got Connection reset while opening stream from https://cel.sri.gob.ec/comprobantes-electronicos-ws/AutorizacionComprobantes?wsdl.
[2015-02-05 10:41:27,409] INFO     0[main] - com.corvustec.digitaf.files.webservice.ComprobantesElectronicosWs.webService(ComprobantesElectronicosWs.java:75) - error WebServiceException javax.xml.ws.WebServiceException: Failed to access the WSDL at: https://cel.sri.gob.ec/comprobantes-electronicos-ws/RecepcionComprobantes?wsdl. It failed with: 
	Got Connection reset while opening stream from https://cel.sri.gob.ec/comprobantes-electronicos-ws/RecepcionComprobantes?wsdl.
[2015-02-05 10:41:27,428] INFO    19[main] - com.corvustec.digitaf.files.webservice.ComprobantesElectronicosWs.verificarConectividad(ComprobantesElectronicosWs.java:92) - ProcessFileException com.corvustec.digitaf.files.commons.exception.CorvustecException: error WebServiceExceptionjavax.xml.ws.WebServiceException: Failed to access the WSDL at: https://cel.sri.gob.ec/comprobantes-electronicos-ws/RecepcionComprobantes?wsdl. It failed with: 
	Got Connection reset while opening stream from https://cel.sri.gob.ec/comprobantes-electronicos-ws/RecepcionComprobantes?wsdl.
[2015-02-05 10:41:27,602] INFO   193[main] - com.corvustec.digitaf.files.webservice.AutorizacionComprobantesElectronicosWs.webService(AutorizacionComprobantesElectronicosWs.java:53) - error WebServiceException javax.xml.ws.WebServiceException: Failed to access the WSDL at: https://cel.sri.gob.ec/comprobantes-electronicos-ws/AutorizacionComprobantes?wsdl. It failed with: 
	Got Connection reset while opening stream from https://cel.sri.gob.ec/comprobantes-electronicos-ws/AutorizacionComprobantes?wsdl.
[2015-02-05 10:41:27,602] INFO   193[main] - com.corvustec.digitaf.files.webservice.AutorizacionComprobantesElectronicosWs.verificarConectividad(AutorizacionComprobantesElectronicosWs.java:70) - ProcessFileException com.corvustec.digitaf.files.commons.exception.CorvustecException: error WebServiceExceptionjavax.xml.ws.WebServiceException: Failed to access the WSDL at: https://cel.sri.gob.ec/comprobantes-electronicos-ws/AutorizacionComprobantes?wsdl. It failed with: 
	Got Connection reset while opening stream from https://cel.sri.gob.ec/comprobantes-electronicos-ws/AutorizacionComprobantes?wsdl.
[2015-02-05 11:17:34,331] INFO     0[main] - com.corvustec.digitaf.files.webservice.ComprobantesElectronicosWs.webService(ComprobantesElectronicosWs.java:75) - error WebServiceException javax.xml.ws.WebServiceException: Failed to access the WSDL at: https://cel.sri.gob.ec/comprobantes-electronicos-ws/RecepcionComprobantes?wsdl. It failed with: 
	Got Connection reset while opening stream from https://cel.sri.gob.ec/comprobantes-electronicos-ws/RecepcionComprobantes?wsdl.
[2015-02-05 11:17:34,352] INFO    21[main] - com.corvustec.digitaf.files.webservice.ComprobantesElectronicosWs.verificarConectividad(ComprobantesElectronicosWs.java:92) - ProcessFileException com.corvustec.digitaf.files.commons.exception.CorvustecException: error WebServiceExceptionjavax.xml.ws.WebServiceException: Failed to access the WSDL at: https://cel.sri.gob.ec/comprobantes-electronicos-ws/RecepcionComprobantes?wsdl. It failed with: 
	Got Connection reset while opening stream from https://cel.sri.gob.ec/comprobantes-electronicos-ws/RecepcionComprobantes?wsdl.
[2015-02-05 13:13:25,366] INFO     0[main] - com.corvustec.digitaf.files.webservice.ComprobantesElectronicosWs.webService(ComprobantesElectronicosWs.java:75) - error WebServiceException javax.xml.ws.WebServiceException: Failed to access the WSDL at: https://cel.sri.gob.ec/comprobantes-electronicos-ws/RecepcionComprobantes?wsdl. It failed with: 
	Got Connection reset while opening stream from https://cel.sri.gob.ec/comprobantes-electronicos-ws/RecepcionComprobantes?wsdl.
[2015-02-05 13:13:25,396] INFO    30[main] - com.corvustec.digitaf.files.webservice.ComprobantesElectronicosWs.verificarConectividad(ComprobantesElectronicosWs.java:92) - ProcessFileException com.corvustec.digitaf.files.commons.exception.CorvustecException: error WebServiceExceptionjavax.xml.ws.WebServiceException: Failed to access the WSDL at: https://cel.sri.gob.ec/comprobantes-electronicos-ws/RecepcionComprobantes?wsdl. It failed with: 
	Got Connection reset while opening stream from https://cel.sri.gob.ec/comprobantes-electronicos-ws/RecepcionComprobantes?wsdl.
[2015-02-05 16:38:53,908] INFO     0[main] - com.corvustec.digitaf.files.webservice.ComprobantesElectronicosWs.webService(ComprobantesElectronicosWs.java:75) - error WebServiceException javax.xml.ws.WebServiceException: Failed to access the WSDL at: https://cel.sri.gob.ec/comprobantes-electronicos-ws/RecepcionComprobantes?wsdl. It failed with: 
	Got Connection reset while opening stream from https://cel.sri.gob.ec/comprobantes-electronicos-ws/RecepcionComprobantes?wsdl.
[2015-02-05 16:38:53,926] INFO    18[main] - com.corvustec.digitaf.files.webservice.ComprobantesElectronicosWs.verificarConectividad(ComprobantesElectronicosWs.java:92) - ProcessFileException com.corvustec.digitaf.files.commons.exception.CorvustecException: error WebServiceExceptionjavax.xml.ws.WebServiceException: Failed to access the WSDL at: https://cel.sri.gob.ec/comprobantes-electronicos-ws/RecepcionComprobantes?wsdl. It failed with: 
	Got Connection reset while opening stream from https://cel.sri.gob.ec/comprobantes-electronicos-ws/RecepcionComprobantes?wsdl.
[2015-02-05 17:07:12,778] INFO     0[main] - com.corvustec.digitaf.files.webservice.ComprobantesElectronicosWs.webService(ComprobantesElectronicosWs.java:75) - error WebServiceException javax.xml.ws.WebServiceException: Failed to access the WSDL at: https://cel.sri.gob.ec/comprobantes-electronicos-ws/RecepcionComprobantes?wsdl. It failed with: 
	Got Connection reset while opening stream from https://cel.sri.gob.ec/comprobantes-electronicos-ws/RecepcionComprobantes?wsdl.
[2015-02-05 17:07:12,781] INFO     3[main] - com.corvustec.digitaf.files.webservice.ComprobantesElectronicosWs.verificarConectividad(ComprobantesElectronicosWs.java:92) - ProcessFileException com.corvustec.digitaf.files.commons.exception.CorvustecException: error WebServiceExceptionjavax.xml.ws.WebServiceException: Failed to access the WSDL at: https://cel.sri.gob.ec/comprobantes-electronicos-ws/RecepcionComprobantes?wsdl. It failed with: 
	Got Connection reset while opening stream from https://cel.sri.gob.ec/comprobantes-electronicos-ws/RecepcionComprobantes?wsdl.
[2015-02-05 17:25:45,915] INFO     0[main] - com.corvustec.digitaf.files.webservice.ComprobantesElectronicosWs.webService(ComprobantesElectronicosWs.java:75) - error WebServiceException javax.xml.ws.WebServiceException: Failed to access the WSDL at: https://cel.sri.gob.ec/comprobantes-electronicos-ws/RecepcionComprobantes?wsdl. It failed with: 
	Got Connection reset while opening stream from https://cel.sri.gob.ec/comprobantes-electronicos-ws/RecepcionComprobantes?wsdl.
[2015-02-05 17:25:45,917] INFO     2[main] - com.corvustec.digitaf.files.webservice.ComprobantesElectronicosWs.verificarConectividad(ComprobantesElectronicosWs.java:92) - ProcessFileException com.corvustec.digitaf.files.commons.exception.CorvustecException: error WebServiceExceptionjavax.xml.ws.WebServiceException: Failed to access the WSDL at: https://cel.sri.gob.ec/comprobantes-electronicos-ws/RecepcionComprobantes?wsdl. It failed with: 
	Got Connection reset while opening stream from https://cel.sri.gob.ec/comprobantes-electronicos-ws/RecepcionComprobantes?wsdl.
[2015-02-05 17:45:34,607] INFO     0[main] - com.corvustec.digitaf.files.webservice.ComprobantesElectronicosWs.webService(ComprobantesElectronicosWs.java:75) - error WebServiceException javax.xml.ws.WebServiceException: Failed to access the WSDL at: https://cel.sri.gob.ec/comprobantes-electronicos-ws/RecepcionComprobantes?wsdl. It failed with: 
	Got Connection reset while opening stream from https://cel.sri.gob.ec/comprobantes-electronicos-ws/RecepcionComprobantes?wsdl.
[2015-02-05 17:45:34,609] INFO     2[main] - com.corvustec.digitaf.files.webservice.ComprobantesElectronicosWs.verificarConectividad(ComprobantesElectronicosWs.java:92) - ProcessFileException com.corvustec.digitaf.files.commons.exception.CorvustecException: error WebServiceExceptionjavax.xml.ws.WebServiceException: Failed to access the WSDL at: https://cel.sri.gob.ec/comprobantes-electronicos-ws/RecepcionComprobantes?wsdl. It failed with: 
	Got Connection reset while opening stream from https://cel.sri.gob.ec/comprobantes-electronicos-ws/RecepcionComprobantes?wsdl.
[2015-02-05 17:50:29,545] INFO     0[main] - com.corvustec.digitaf.files.webservice.ComprobantesElectronicosWs.webService(ComprobantesElectronicosWs.java:75) - error WebServiceException javax.xml.ws.WebServiceException: Failed to access the WSDL at: https://cel.sri.gob.ec/comprobantes-electronicos-ws/RecepcionComprobantes?wsdl. It failed with: 
	Got Connection reset while opening stream from https://cel.sri.gob.ec/comprobantes-electronicos-ws/RecepcionComprobantes?wsdl.
[2015-02-05 17:50:29,547] INFO     2[main] - com.corvustec.digitaf.files.webservice.ComprobantesElectronicosWs.verificarConectividad(ComprobantesElectronicosWs.java:92) - ProcessFileException com.corvustec.digitaf.files.commons.exception.CorvustecException: error WebServiceExceptionjavax.xml.ws.WebServiceException: Failed to access the WSDL at: https://cel.sri.gob.ec/comprobantes-electronicos-ws/RecepcionComprobantes?wsdl. It failed with: 
	Got Connection reset while opening stream from https://cel.sri.gob.ec/comprobantes-electronicos-ws/RecepcionComprobantes?wsdl.
[2015-02-05 17:51:04,128] INFO 34583[main] - com.corvustec.digitaf.files.webservice.AutorizacionComprobantesElectronicosWs.autorizacionComprobante(AutorizacionComprobantesElectronicosWs.java:86) - ProcessFileException javax.xml.ws.WebServiceException: java.net.SocketException: Connection reset
[2015-02-05 17:51:35,188] INFO     0[main] - com.corvustec.digitaf.files.webservice.ComprobantesElectronicosWs.enviarComprobante(ComprobantesElectronicosWs.java:106) - Error al enviar el comprobante javax.xml.ws.soap.SOAPFaultException: org.hibernate.exception.GenericJDBCException: Could not open connection
[2015-02-05 17:52:02,368] INFO     0[main] - com.corvustec.digitaf.files.webservice.ComprobantesElectronicosWs.enviarComprobante(ComprobantesElectronicosWs.java:106) - Error al enviar el comprobante javax.xml.ws.soap.SOAPFaultException: org.hibernate.exception.GenericJDBCException: Could not open connection
[2015-02-05 17:52:02,541] INFO   173[main] - com.corvustec.digitaf.files.webservice.AutorizacionComprobantesElectronicosWs.webService(AutorizacionComprobantesElectronicosWs.java:53) - error WebServiceException javax.xml.ws.WebServiceException: Failed to access the WSDL at: https://cel.sri.gob.ec/comprobantes-electronicos-ws/AutorizacionComprobantes?wsdl. It failed with: 
	Got Connection reset while opening stream from https://cel.sri.gob.ec/comprobantes-electronicos-ws/AutorizacionComprobantes?wsdl.
[2015-02-05 17:52:02,542] INFO   174[main] - com.corvustec.digitaf.files.webservice.AutorizacionComprobantesElectronicosWs.verificarConectividad(AutorizacionComprobantesElectronicosWs.java:70) - ProcessFileException com.corvustec.digitaf.files.commons.exception.CorvustecException: error WebServiceExceptionjavax.xml.ws.WebServiceException: Failed to access the WSDL at: https://cel.sri.gob.ec/comprobantes-electronicos-ws/AutorizacionComprobantes?wsdl. It failed with: 
	Got Connection reset while opening stream from https://cel.sri.gob.ec/comprobantes-electronicos-ws/AutorizacionComprobantes?wsdl.
[2015-02-05 18:11:05,773] INFO     0[main] - com.corvustec.digitaf.files.webservice.ComprobantesElectronicosWs.webService(ComprobantesElectronicosWs.java:75) - error WebServiceException javax.xml.ws.WebServiceException: Failed to access the WSDL at: https://cel.sri.gob.ec/comprobantes-electronicos-ws/RecepcionComprobantes?wsdl. It failed with: 
	Got Connection reset while opening stream from https://cel.sri.gob.ec/comprobantes-electronicos-ws/RecepcionComprobantes?wsdl.
[2015-02-05 18:11:05,776] INFO     3[main] - com.corvustec.digitaf.files.webservice.ComprobantesElectronicosWs.verificarConectividad(ComprobantesElectronicosWs.java:92) - ProcessFileException com.corvustec.digitaf.files.commons.exception.CorvustecException: error WebServiceExceptionjavax.xml.ws.WebServiceException: Failed to access the WSDL at: https://cel.sri.gob.ec/comprobantes-electronicos-ws/RecepcionComprobantes?wsdl. It failed with: 
	Got Connection reset while opening stream from https://cel.sri.gob.ec/comprobantes-electronicos-ws/RecepcionComprobantes?wsdl.
[2015-02-05 18:18:39,103] INFO     0[main] - com.corvustec.digitaf.files.webservice.ComprobantesElectronicosWs.webService(ComprobantesElectronicosWs.java:75) - error WebServiceException javax.xml.ws.WebServiceException: Failed to access the WSDL at: https://cel.sri.gob.ec/comprobantes-electronicos-ws/RecepcionComprobantes?wsdl. It failed with: 
	Got Connection reset while opening stream from https://cel.sri.gob.ec/comprobantes-electronicos-ws/RecepcionComprobantes?wsdl.
[2015-02-05 18:18:39,106] INFO     3[main] - com.corvustec.digitaf.files.webservice.ComprobantesElectronicosWs.verificarConectividad(ComprobantesElectronicosWs.java:92) - ProcessFileException com.corvustec.digitaf.files.commons.exception.CorvustecException: error WebServiceExceptionjavax.xml.ws.WebServiceException: Failed to access the WSDL at: https://cel.sri.gob.ec/comprobantes-electronicos-ws/RecepcionComprobantes?wsdl. It failed with: 
	Got Connection reset while opening stream from https://cel.sri.gob.ec/comprobantes-electronicos-ws/RecepcionComprobantes?wsdl.
[2015-02-05 18:20:05,845] INFO     0[main] - com.corvustec.digitaf.files.webservice.ComprobantesElectronicosWs.webService(ComprobantesElectronicosWs.java:75) - error WebServiceException javax.xml.ws.WebServiceException: Failed to access the WSDL at: https://cel.sri.gob.ec/comprobantes-electronicos-ws/RecepcionComprobantes?wsdl. It failed with: 
	Got Connection reset while opening stream from https://cel.sri.gob.ec/comprobantes-electronicos-ws/RecepcionComprobantes?wsdl.
[2015-02-05 18:20:05,847] INFO     2[main] - com.corvustec.digitaf.files.webservice.ComprobantesElectronicosWs.verificarConectividad(ComprobantesElectronicosWs.java:92) - ProcessFileException com.corvustec.digitaf.files.commons.exception.CorvustecException: error WebServiceExceptionjavax.xml.ws.WebServiceException: Failed to access the WSDL at: https://cel.sri.gob.ec/comprobantes-electronicos-ws/RecepcionComprobantes?wsdl. It failed with: 
	Got Connection reset while opening stream from https://cel.sri.gob.ec/comprobantes-electronicos-ws/RecepcionComprobantes?wsdl.
[2015-02-05 18:20:06,001] INFO   156[main] - com.corvustec.digitaf.files.webservice.AutorizacionComprobantesElectronicosWs.webService(AutorizacionComprobantesElectronicosWs.java:53) - error WebServiceException javax.xml.ws.WebServiceException: Failed to access the WSDL at: https://cel.sri.gob.ec/comprobantes-electronicos-ws/AutorizacionComprobantes?wsdl. It failed with: 
	Got Connection reset while opening stream from https://cel.sri.gob.ec/comprobantes-electronicos-ws/AutorizacionComprobantes?wsdl.
[2015-02-05 18:20:06,001] INFO   156[main] - com.corvustec.digitaf.files.webservice.AutorizacionComprobantesElectronicosWs.verificarConectividad(AutorizacionComprobantesElectronicosWs.java:70) - ProcessFileException com.corvustec.digitaf.files.commons.exception.CorvustecException: error WebServiceExceptionjavax.xml.ws.WebServiceException: Failed to access the WSDL at: https://cel.sri.gob.ec/comprobantes-electronicos-ws/AutorizacionComprobantes?wsdl. It failed with: 
	Got Connection reset while opening stream from https://cel.sri.gob.ec/comprobantes-electronicos-ws/AutorizacionComprobantes?wsdl.
[2015-02-05 20:14:57,666] INFO     0[main] - com.corvustec.digitaf.files.webservice.ComprobantesElectronicosWs.webService(ComprobantesElectronicosWs.java:75) - error WebServiceException javax.xml.ws.WebServiceException: Failed to access the WSDL at: https://cel.sri.gob.ec/comprobantes-electronicos-ws/RecepcionComprobantes?wsdl. It failed with: 
	Got Connection reset while opening stream from https://cel.sri.gob.ec/comprobantes-electronicos-ws/RecepcionComprobantes?wsdl.
[2015-02-05 20:14:57,668] INFO     2[main] - com.corvustec.digitaf.files.webservice.ComprobantesElectronicosWs.verificarConectividad(ComprobantesElectronicosWs.java:92) - ProcessFileException com.corvustec.digitaf.files.commons.exception.CorvustecException: error WebServiceExceptionjavax.xml.ws.WebServiceException: Failed to access the WSDL at: https://cel.sri.gob.ec/comprobantes-electronicos-ws/RecepcionComprobantes?wsdl. It failed with: 
	Got Connection reset while opening stream from https://cel.sri.gob.ec/comprobantes-electronicos-ws/RecepcionComprobantes?wsdl.
[2015-02-05 20:15:28,833] INFO     0[main] - com.corvustec.digitaf.files.webservice.ComprobantesElectronicosWs.webService(ComprobantesElectronicosWs.java:75) - error WebServiceException javax.xml.ws.WebServiceException: Failed to access the WSDL at: https://cel.sri.gob.ec/comprobantes-electronicos-ws/RecepcionComprobantes?wsdl. It failed with: 
	Got Connection reset while opening stream from https://cel.sri.gob.ec/comprobantes-electronicos-ws/RecepcionComprobantes?wsdl.
[2015-02-05 20:15:28,835] INFO     2[main] - com.corvustec.digitaf.files.webservice.ComprobantesElectronicosWs.verificarConectividad(ComprobantesElectronicosWs.java:92) - ProcessFileException com.corvustec.digitaf.files.commons.exception.CorvustecException: error WebServiceExceptionjavax.xml.ws.WebServiceException: Failed to access the WSDL at: https://cel.sri.gob.ec/comprobantes-electronicos-ws/RecepcionComprobantes?wsdl. It failed with: 
	Got Connection reset while opening stream from https://cel.sri.gob.ec/comprobantes-electronicos-ws/RecepcionComprobantes?wsdl.
[2015-02-09 15:06:28,079] INFO     0[main] - com.corvustec.digitaf.files.webservice.ComprobantesElectronicosWs.enviarComprobante(ComprobantesElectronicosWs.java:106) - Error al enviar el comprobante javax.xml.ws.soap.SOAPFaultException: JBAS014516: Failed to acquire a permit within 5 SECONDS
[2015-02-09 15:09:02,231] INFO     0[main] - com.corvustec.digitaf.files.webservice.ComprobantesElectronicosWs.enviarComprobante(ComprobantesElectronicosWs.java:106) - Error al enviar el comprobante javax.xml.ws.soap.SOAPFaultException: JBAS014516: Failed to acquire a permit within 5 SECONDS
[2015-02-09 15:20:58,951] INFO     0[main] - com.corvustec.digitaf.files.webservice.ComprobantesElectronicosWs.enviarComprobante(ComprobantesElectronicosWs.java:106) - Error al enviar el comprobante javax.xml.ws.soap.SOAPFaultException: JBAS014516: Failed to acquire a permit within 5 SECONDS
[2015-02-09 15:22:22,823] INFO     0[main] - com.corvustec.digitaf.files.webservice.ComprobantesElectronicosWs.enviarComprobante(ComprobantesElectronicosWs.java:106) - Error al enviar el comprobante javax.xml.ws.soap.SOAPFaultException: JBAS014516: Failed to acquire a permit within 5 SECONDS
[2015-02-09 16:05:18,046] INFO529967[main] - com.corvustec.digitaf.files.webservice.AutorizacionComprobantesElectronicosWs.autorizacionComprobante(AutorizacionComprobantesElectronicosWs.java:86) - ProcessFileException com.sun.xml.internal.ws.client.ClientTransportException: The server sent HTTP status code 503: Service Temporarily Unavailable
[2015-02-09 18:28:18,207] INFO     0[main] - com.corvustec.digitaf.files.webservice.AutorizacionComprobantesElectronicosWs.autorizacionComprobante(AutorizacionComprobantesElectronicosWs.java:86) - ProcessFileException javax.xml.ws.WebServiceException: java.net.SocketException: Connection reset
[2015-02-11 08:04:28,672] INFO     0[main] - com.corvustec.digitaf.files.commons.util.ApplicationUtil.getDocument2(ApplicationUtil.java:417) - org.xml.sax.SAXParseException; lineNumber: 42; columnNumber: 2; The element type "totalImpuesto" must be terminated by the matching end-tag "</totalImpuesto>".
[2015-02-11 12:05:16,092] INFO     0[main] - com.corvustec.digitaf.files.webservice.AutorizacionComprobantesElectronicosWs.autorizacionComprobante(AutorizacionComprobantesElectronicosWs.java:86) - ProcessFileException javax.xml.ws.soap.SOAPFaultException: org.hibernate.exception.GenericJDBCException: Could not open connection
[2015-02-11 12:05:16,092] INFO     0[main] - com.corvustec.digitaf.files.webservice.AutorizacionComprobantesElectronicosWs.autorizacionComprobante(AutorizacionComprobantesElectronicosWs.java:86) - ProcessFileException javax.xml.ws.soap.SOAPFaultException: org.hibernate.exception.GenericJDBCException: Could not open connection
[2015-02-11 12:13:43,750] INFO     0[main] - com.corvustec.digitaf.files.webservice.ComprobantesElectronicosWs.enviarComprobante(ComprobantesElectronicosWs.java:106) - Error al enviar el comprobante javax.xml.ws.soap.SOAPFaultException: JBAS014516: Failed to acquire a permit within 5 SECONDS
[2015-02-13 10:06:32,297] INFO     0[main] - com.corvustec.digitaf.files.commons.util.ApplicationUtil.getDocument2(ApplicationUtil.java:417) - org.xml.sax.SAXParseException; lineNumber: 42; columnNumber: 2; The element type "totalImpuesto" must be terminated by the matching end-tag "</totalImpuesto>".
[2015-02-13 10:20:15,153] INFO     0[main] - com.corvustec.digitaf.files.commons.util.ApplicationUtil.getDocument2(ApplicationUtil.java:417) - org.xml.sax.SAXParseException; lineNumber: 42; columnNumber: 2; The element type "totalImpuesto" must be terminated by the matching end-tag "</totalImpuesto>".
[2015-02-13 11:07:33,323] INFO     0[main] - com.corvustec.digitaf.files.commons.util.ApplicationUtil.getDocument2(ApplicationUtil.java:417) - org.xml.sax.SAXParseException; lineNumber: 42; columnNumber: 2; The element type "totalImpuesto" must be terminated by the matching end-tag "</totalImpuesto>".
[2015-02-13 11:23:55,303] INFO     0[main] - com.corvustec.digitaf.files.webservice.AutorizacionComprobantesElectronicosWs.autorizacionComprobante(AutorizacionComprobantesElectronicosWs.java:86) - ProcessFileException javax.xml.ws.soap.SOAPFaultException: org.hibernate.exception.GenericJDBCException: Could not open connection
